{"__type":"$$EventMessageWorkflow","id":"009d3c8c-50e2-40b5-9d77-ce9bc20bea20","ts":"2025-09-23T10:12:39.812-04:00","eventName":"n8n.workflow.started","message":"n8n.workflow.started","payload":{"executionId":"101","workflowId":"c120fCCuXalx2n7k","isManual":false,"workflowName":"My workflow"}}
{"__type":"$$EventMessageConfirm","confirm":"009d3c8c-50e2-40b5-9d77-ce9bc20bea20","ts":"2025-09-23T10:12:39.813-04:00","source":{"id":"0","name":"eventBus"}}
{"__type":"$$EventMessageNode","id":"e2e6209e-761a-4df7-8c45-a09cbf91cd42","ts":"2025-09-23T10:12:39.813-04:00","eventName":"n8n.node.started","message":"n8n.node.started","payload":{"workflowId":"c120fCCuXalx2n7k","workflowName":"My workflow","executionId":"101","nodeType":"n8n-nodes-base.webhook","nodeName":"Webhook","nodeId":"50a304bf-b8f5-41a1-be7d-da5af2d325d4"}}
{"__type":"$$EventMessageConfirm","confirm":"e2e6209e-761a-4df7-8c45-a09cbf91cd42","ts":"2025-09-23T10:12:39.814-04:00","source":{"id":"0","name":"eventBus"}}
{"__type":"$$EventMessageNode","id":"ee81be98-db11-4056-a1db-5089ca7e9180","ts":"2025-09-23T10:12:39.815-04:00","eventName":"n8n.node.finished","message":"n8n.node.finished","payload":{"workflowId":"c120fCCuXalx2n7k","workflowName":"My workflow","executionId":"101","nodeType":"n8n-nodes-base.webhook","nodeName":"Webhook","nodeId":"50a304bf-b8f5-41a1-be7d-da5af2d325d4"}}
{"__type":"$$EventMessageConfirm","confirm":"ee81be98-db11-4056-a1db-5089ca7e9180","ts":"2025-09-23T10:12:39.815-04:00","source":{"id":"0","name":"eventBus"}}
{"__type":"$$EventMessageNode","id":"7fb35826-e618-4e5f-8a6f-afb01e2b6d97","ts":"2025-09-23T10:12:39.816-04:00","eventName":"n8n.node.started","message":"n8n.node.started","payload":{"workflowId":"c120fCCuXalx2n7k","workflowName":"My workflow","executionId":"101","nodeType":"n8n-nodes-base.googleDrive","nodeName":"Upload file","nodeId":"45bc579c-52d8-475f-aaa2-2905df18e5d9"}}
{"__type":"$$EventMessageConfirm","confirm":"7fb35826-e618-4e5f-8a6f-afb01e2b6d97","ts":"2025-09-23T10:12:39.816-04:00","source":{"id":"0","name":"eventBus"}}
{"__type":"$$EventMessageWorkflow","id":"afeca485-b014-483f-a7eb-4a399d367975","ts":"2025-09-23T10:12:40.072-04:00","eventName":"n8n.workflow.started","message":"n8n.workflow.started","payload":{"executionId":"102","workflowId":"c120fCCuXalx2n7k","isManual":false,"workflowName":"My workflow"}}
{"__type":"$$EventMessageConfirm","confirm":"afeca485-b014-483f-a7eb-4a399d367975","ts":"2025-09-23T10:12:40.072-04:00","source":{"id":"0","name":"eventBus"}}
{"__type":"$$EventMessageNode","id":"2200bc3e-4db7-4add-947a-a862544b9b0f","ts":"2025-09-23T10:12:40.072-04:00","eventName":"n8n.node.started","message":"n8n.node.started","payload":{"workflowId":"c120fCCuXalx2n7k","workflowName":"My workflow","executionId":"102","nodeType":"n8n-nodes-base.webhook","nodeName":"Webhook","nodeId":"50a304bf-b8f5-41a1-be7d-da5af2d325d4"}}
{"__type":"$$EventMessageConfirm","confirm":"2200bc3e-4db7-4add-947a-a862544b9b0f","ts":"2025-09-23T10:12:40.073-04:00","source":{"id":"0","name":"eventBus"}}
{"__type":"$$EventMessageNode","id":"81b5e50a-8433-462c-8319-58e033970c13","ts":"2025-09-23T10:12:40.074-04:00","eventName":"n8n.node.finished","message":"n8n.node.finished","payload":{"workflowId":"c120fCCuXalx2n7k","workflowName":"My workflow","executionId":"102","nodeType":"n8n-nodes-base.webhook","nodeName":"Webhook","nodeId":"50a304bf-b8f5-41a1-be7d-da5af2d325d4"}}
{"__type":"$$EventMessageConfirm","confirm":"81b5e50a-8433-462c-8319-58e033970c13","ts":"2025-09-23T10:12:40.074-04:00","source":{"id":"0","name":"eventBus"}}
{"__type":"$$EventMessageNode","id":"5430feb7-f19b-413e-9557-7b7460938724","ts":"2025-09-23T10:12:40.075-04:00","eventName":"n8n.node.started","message":"n8n.node.started","payload":{"workflowId":"c120fCCuXalx2n7k","workflowName":"My workflow","executionId":"102","nodeType":"n8n-nodes-base.googleDrive","nodeName":"Upload file","nodeId":"45bc579c-52d8-475f-aaa2-2905df18e5d9"}}
{"__type":"$$EventMessageConfirm","confirm":"5430feb7-f19b-413e-9557-7b7460938724","ts":"2025-09-23T10:12:40.075-04:00","source":{"id":"0","name":"eventBus"}}
{"__type":"$$EventMessageWorkflow","id":"2b581b43-6bb9-4eb4-a625-aebcc66adcc9","ts":"2025-09-23T10:12:40.474-04:00","eventName":"n8n.workflow.started","message":"n8n.workflow.started","payload":{"executionId":"103","workflowId":"c120fCCuXalx2n7k","isManual":false,"workflowName":"My workflow"}}
{"__type":"$$EventMessageConfirm","confirm":"2b581b43-6bb9-4eb4-a625-aebcc66adcc9","ts":"2025-09-23T10:12:40.475-04:00","source":{"id":"0","name":"eventBus"}}
{"__type":"$$EventMessageNode","id":"f5be2fee-ac1e-4009-897c-12107ace6792","ts":"2025-09-23T10:12:40.475-04:00","eventName":"n8n.node.started","message":"n8n.node.started","payload":{"workflowId":"c120fCCuXalx2n7k","workflowName":"My workflow","executionId":"103","nodeType":"n8n-nodes-base.webhook","nodeName":"Webhook","nodeId":"50a304bf-b8f5-41a1-be7d-da5af2d325d4"}}
{"__type":"$$EventMessageConfirm","confirm":"f5be2fee-ac1e-4009-897c-12107ace6792","ts":"2025-09-23T10:12:40.475-04:00","source":{"id":"0","name":"eventBus"}}
{"__type":"$$EventMessageNode","id":"ea7e1f61-58af-450b-be25-34fbc96e8ccf","ts":"2025-09-23T10:12:40.475-04:00","eventName":"n8n.node.finished","message":"n8n.node.finished","payload":{"workflowId":"c120fCCuXalx2n7k","workflowName":"My workflow","executionId":"103","nodeType":"n8n-nodes-base.webhook","nodeName":"Webhook","nodeId":"50a304bf-b8f5-41a1-be7d-da5af2d325d4"}}
{"__type":"$$EventMessageConfirm","confirm":"ea7e1f61-58af-450b-be25-34fbc96e8ccf","ts":"2025-09-23T10:12:40.475-04:00","source":{"id":"0","name":"eventBus"}}
{"__type":"$$EventMessageNode","id":"97e66f1f-84fb-4881-98ca-e8524adf81a9","ts":"2025-09-23T10:12:40.475-04:00","eventName":"n8n.node.started","message":"n8n.node.started","payload":{"workflowId":"c120fCCuXalx2n7k","workflowName":"My workflow","executionId":"103","nodeType":"n8n-nodes-base.googleDrive","nodeName":"Upload file","nodeId":"45bc579c-52d8-475f-aaa2-2905df18e5d9"}}
{"__type":"$$EventMessageConfirm","confirm":"97e66f1f-84fb-4881-98ca-e8524adf81a9","ts":"2025-09-23T10:12:40.475-04:00","source":{"id":"0","name":"eventBus"}}
{"__type":"$$EventMessageWorkflow","id":"c80c6bfa-9419-4efb-98e9-2e20e07973e9","ts":"2025-09-23T10:12:41.503-04:00","eventName":"n8n.workflow.started","message":"n8n.workflow.started","payload":{"executionId":"104","workflowId":"c120fCCuXalx2n7k","isManual":false,"workflowName":"My workflow"}}
{"__type":"$$EventMessageConfirm","confirm":"c80c6bfa-9419-4efb-98e9-2e20e07973e9","ts":"2025-09-23T10:12:41.503-04:00","source":{"id":"0","name":"eventBus"}}
{"__type":"$$EventMessageNode","id":"6e241924-8793-4857-a20c-c16e33c00682","ts":"2025-09-23T10:12:41.503-04:00","eventName":"n8n.node.started","message":"n8n.node.started","payload":{"workflowId":"c120fCCuXalx2n7k","workflowName":"My workflow","executionId":"104","nodeType":"n8n-nodes-base.webhook","nodeName":"Webhook","nodeId":"50a304bf-b8f5-41a1-be7d-da5af2d325d4"}}
{"__type":"$$EventMessageConfirm","confirm":"6e241924-8793-4857-a20c-c16e33c00682","ts":"2025-09-23T10:12:41.503-04:00","source":{"id":"0","name":"eventBus"}}
{"__type":"$$EventMessageNode","id":"7397cabb-b81c-4388-b989-215d79e0e908","ts":"2025-09-23T10:12:41.504-04:00","eventName":"n8n.node.finished","message":"n8n.node.finished","payload":{"workflowId":"c120fCCuXalx2n7k","workflowName":"My workflow","executionId":"104","nodeType":"n8n-nodes-base.webhook","nodeName":"Webhook","nodeId":"50a304bf-b8f5-41a1-be7d-da5af2d325d4"}}
{"__type":"$$EventMessageConfirm","confirm":"7397cabb-b81c-4388-b989-215d79e0e908","ts":"2025-09-23T10:12:41.504-04:00","source":{"id":"0","name":"eventBus"}}
{"__type":"$$EventMessageNode","id":"22ffbb90-f50c-43ac-8fec-8b2b5f516cd2","ts":"2025-09-23T10:12:41.504-04:00","eventName":"n8n.node.started","message":"n8n.node.started","payload":{"workflowId":"c120fCCuXalx2n7k","workflowName":"My workflow","executionId":"104","nodeType":"n8n-nodes-base.googleDrive","nodeName":"Upload file","nodeId":"45bc579c-52d8-475f-aaa2-2905df18e5d9"}}
{"__type":"$$EventMessageConfirm","confirm":"22ffbb90-f50c-43ac-8fec-8b2b5f516cd2","ts":"2025-09-23T10:12:41.504-04:00","source":{"id":"0","name":"eventBus"}}
{"__type":"$$EventMessageWorkflow","id":"43bd05e0-a468-4905-b304-2d45c0f9888b","ts":"2025-09-23T10:12:43.174-04:00","eventName":"n8n.workflow.started","message":"n8n.workflow.started","payload":{"executionId":"105","workflowId":"c120fCCuXalx2n7k","isManual":false,"workflowName":"My workflow"}}
{"__type":"$$EventMessageConfirm","confirm":"43bd05e0-a468-4905-b304-2d45c0f9888b","ts":"2025-09-23T10:12:43.174-04:00","source":{"id":"0","name":"eventBus"}}
{"__type":"$$EventMessageNode","id":"b037b0a3-ccef-4cd5-a2b7-924da6032765","ts":"2025-09-23T10:12:43.174-04:00","eventName":"n8n.node.started","message":"n8n.node.started","payload":{"workflowId":"c120fCCuXalx2n7k","workflowName":"My workflow","executionId":"105","nodeType":"n8n-nodes-base.webhook","nodeName":"Webhook","nodeId":"50a304bf-b8f5-41a1-be7d-da5af2d325d4"}}
{"__type":"$$EventMessageConfirm","confirm":"b037b0a3-ccef-4cd5-a2b7-924da6032765","ts":"2025-09-23T10:12:43.175-04:00","source":{"id":"0","name":"eventBus"}}
{"__type":"$$EventMessageNode","id":"bb822db0-5094-4ced-a8d3-905a7452e254","ts":"2025-09-23T10:12:43.175-04:00","eventName":"n8n.node.finished","message":"n8n.node.finished","payload":{"workflowId":"c120fCCuXalx2n7k","workflowName":"My workflow","executionId":"105","nodeType":"n8n-nodes-base.webhook","nodeName":"Webhook","nodeId":"50a304bf-b8f5-41a1-be7d-da5af2d325d4"}}
{"__type":"$$EventMessageConfirm","confirm":"bb822db0-5094-4ced-a8d3-905a7452e254","ts":"2025-09-23T10:12:43.176-04:00","source":{"id":"0","name":"eventBus"}}
{"__type":"$$EventMessageNode","id":"06e630c3-42e9-4ea5-acd4-b6cfabed72fa","ts":"2025-09-23T10:12:43.176-04:00","eventName":"n8n.node.started","message":"n8n.node.started","payload":{"workflowId":"c120fCCuXalx2n7k","workflowName":"My workflow","executionId":"105","nodeType":"n8n-nodes-base.googleDrive","nodeName":"Upload file","nodeId":"45bc579c-52d8-475f-aaa2-2905df18e5d9"}}
{"__type":"$$EventMessageConfirm","confirm":"06e630c3-42e9-4ea5-acd4-b6cfabed72fa","ts":"2025-09-23T10:12:43.176-04:00","source":{"id":"0","name":"eventBus"}}
{"__type":"$$EventMessageNode","id":"14d45420-b629-4c52-95bd-c02f7be132ff","ts":"2025-09-23T10:12:46.176-04:00","eventName":"n8n.node.finished","message":"n8n.node.finished","payload":{"workflowId":"c120fCCuXalx2n7k","workflowName":"My workflow","executionId":"101","nodeType":"n8n-nodes-base.googleDrive","nodeName":"Upload file","nodeId":"45bc579c-52d8-475f-aaa2-2905df18e5d9"}}
{"__type":"$$EventMessageConfirm","confirm":"14d45420-b629-4c52-95bd-c02f7be132ff","ts":"2025-09-23T10:12:46.176-04:00","source":{"id":"0","name":"eventBus"}}
{"__type":"$$EventMessageWorkflow","id":"96a37fac-0485-4473-8299-d3bef469c8f6","ts":"2025-09-23T10:12:46.178-04:00","eventName":"n8n.workflow.success","message":"n8n.workflow.success","payload":{"executionId":"101","success":true,"isManual":false,"workflowId":"c120fCCuXalx2n7k","workflowName":"My workflow"}}
{"__type":"$$EventMessageConfirm","confirm":"96a37fac-0485-4473-8299-d3bef469c8f6","ts":"2025-09-23T10:12:46.178-04:00","source":{"id":"0","name":"eventBus"}}
{"__type":"$$EventMessageNode","id":"7e62249e-b9a7-481b-8fd0-d7069fe9dd15","ts":"2025-09-23T10:12:46.304-04:00","eventName":"n8n.node.finished","message":"n8n.node.finished","payload":{"workflowId":"c120fCCuXalx2n7k","workflowName":"My workflow","executionId":"102","nodeType":"n8n-nodes-base.googleDrive","nodeName":"Upload file","nodeId":"45bc579c-52d8-475f-aaa2-2905df18e5d9"}}
{"__type":"$$EventMessageConfirm","confirm":"7e62249e-b9a7-481b-8fd0-d7069fe9dd15","ts":"2025-09-23T10:12:46.304-04:00","source":{"id":"0","name":"eventBus"}}
{"__type":"$$EventMessageWorkflow","id":"500ff681-d575-4e24-a051-eead24737803","ts":"2025-09-23T10:12:46.304-04:00","eventName":"n8n.workflow.success","message":"n8n.workflow.success","payload":{"executionId":"102","success":true,"isManual":false,"workflowId":"c120fCCuXalx2n7k","workflowName":"My workflow"}}
{"__type":"$$EventMessageConfirm","confirm":"500ff681-d575-4e24-a051-eead24737803","ts":"2025-09-23T10:12:46.304-04:00","source":{"id":"0","name":"eventBus"}}
{"__type":"$$EventMessageNode","id":"c27e8e9d-7bfa-48fc-90a9-25648fdab3b8","ts":"2025-09-23T10:12:46.779-04:00","eventName":"n8n.node.finished","message":"n8n.node.finished","payload":{"workflowId":"c120fCCuXalx2n7k","workflowName":"My workflow","executionId":"103","nodeType":"n8n-nodes-base.googleDrive","nodeName":"Upload file","nodeId":"45bc579c-52d8-475f-aaa2-2905df18e5d9"}}
{"__type":"$$EventMessageConfirm","confirm":"c27e8e9d-7bfa-48fc-90a9-25648fdab3b8","ts":"2025-09-23T10:12:46.779-04:00","source":{"id":"0","name":"eventBus"}}
{"__type":"$$EventMessageWorkflow","id":"6c44bbd6-e233-4b87-a9e3-c1d8a3ea8689","ts":"2025-09-23T10:12:46.779-04:00","eventName":"n8n.workflow.success","message":"n8n.workflow.success","payload":{"executionId":"103","success":true,"isManual":false,"workflowId":"c120fCCuXalx2n7k","workflowName":"My workflow"}}
{"__type":"$$EventMessageConfirm","confirm":"6c44bbd6-e233-4b87-a9e3-c1d8a3ea8689","ts":"2025-09-23T10:12:46.779-04:00","source":{"id":"0","name":"eventBus"}}
{"__type":"$$EventMessageNode","id":"8f6b5106-eb41-4392-a03e-cd50bd93734d","ts":"2025-09-23T10:12:46.800-04:00","eventName":"n8n.node.finished","message":"n8n.node.finished","payload":{"workflowId":"c120fCCuXalx2n7k","workflowName":"My workflow","executionId":"105","nodeType":"n8n-nodes-base.googleDrive","nodeName":"Upload file","nodeId":"45bc579c-52d8-475f-aaa2-2905df18e5d9"}}
{"__type":"$$EventMessageConfirm","confirm":"8f6b5106-eb41-4392-a03e-cd50bd93734d","ts":"2025-09-23T10:12:46.800-04:00","source":{"id":"0","name":"eventBus"}}
{"__type":"$$EventMessageWorkflow","id":"1fe1d512-46ba-4fa6-a74a-f1ffb9bdeecc","ts":"2025-09-23T10:12:46.800-04:00","eventName":"n8n.workflow.success","message":"n8n.workflow.success","payload":{"executionId":"105","success":true,"isManual":false,"workflowId":"c120fCCuXalx2n7k","workflowName":"My workflow"}}
{"__type":"$$EventMessageConfirm","confirm":"1fe1d512-46ba-4fa6-a74a-f1ffb9bdeecc","ts":"2025-09-23T10:12:46.800-04:00","source":{"id":"0","name":"eventBus"}}
{"__type":"$$EventMessageNode","id":"03a299da-daac-4b4d-8b22-c7751c0059a4","ts":"2025-09-23T10:12:50.506-04:00","eventName":"n8n.node.finished","message":"n8n.node.finished","payload":{"workflowId":"c120fCCuXalx2n7k","workflowName":"My workflow","executionId":"104","nodeType":"n8n-nodes-base.googleDrive","nodeName":"Upload file","nodeId":"45bc579c-52d8-475f-aaa2-2905df18e5d9"}}
{"__type":"$$EventMessageConfirm","confirm":"03a299da-daac-4b4d-8b22-c7751c0059a4","ts":"2025-09-23T10:12:50.506-04:00","source":{"id":"0","name":"eventBus"}}
{"__type":"$$EventMessageWorkflow","id":"eda35db3-1d72-4d36-8d56-03a92e1139f2","ts":"2025-09-23T10:12:50.507-04:00","eventName":"n8n.workflow.success","message":"n8n.workflow.success","payload":{"executionId":"104","success":true,"isManual":false,"workflowId":"c120fCCuXalx2n7k","workflowName":"My workflow"}}
{"__type":"$$EventMessageConfirm","confirm":"eda35db3-1d72-4d36-8d56-03a92e1139f2","ts":"2025-09-23T10:12:50.507-04:00","source":{"id":"0","name":"eventBus"}}
{"__type":"$$EventMessageWorkflow","id":"7e22c0b5-e1f3-4996-92e7-62c079f4668e","ts":"2025-09-23T10:12:59.741-04:00","eventName":"n8n.workflow.started","message":"n8n.workflow.started","payload":{"executionId":"106","workflowId":"c120fCCuXalx2n7k","isManual":false,"workflowName":"My workflow"}}
{"__type":"$$EventMessageConfirm","confirm":"7e22c0b5-e1f3-4996-92e7-62c079f4668e","ts":"2025-09-23T10:12:59.741-04:00","source":{"id":"0","name":"eventBus"}}
{"__type":"$$EventMessageNode","id":"94698230-8bd2-49cc-801a-0b3ed00f8a00","ts":"2025-09-23T10:12:59.741-04:00","eventName":"n8n.node.started","message":"n8n.node.started","payload":{"workflowId":"c120fCCuXalx2n7k","workflowName":"My workflow","executionId":"106","nodeType":"n8n-nodes-base.webhook","nodeName":"Webhook","nodeId":"50a304bf-b8f5-41a1-be7d-da5af2d325d4"}}
{"__type":"$$EventMessageConfirm","confirm":"94698230-8bd2-49cc-801a-0b3ed00f8a00","ts":"2025-09-23T10:12:59.742-04:00","source":{"id":"0","name":"eventBus"}}
{"__type":"$$EventMessageNode","id":"60d8be64-91d3-419c-a555-81d986a799c3","ts":"2025-09-23T10:12:59.742-04:00","eventName":"n8n.node.finished","message":"n8n.node.finished","payload":{"workflowId":"c120fCCuXalx2n7k","workflowName":"My workflow","executionId":"106","nodeType":"n8n-nodes-base.webhook","nodeName":"Webhook","nodeId":"50a304bf-b8f5-41a1-be7d-da5af2d325d4"}}
{"__type":"$$EventMessageConfirm","confirm":"60d8be64-91d3-419c-a555-81d986a799c3","ts":"2025-09-23T10:12:59.742-04:00","source":{"id":"0","name":"eventBus"}}
{"__type":"$$EventMessageNode","id":"3cb4ea31-47b3-4e53-8519-b04495e18e8e","ts":"2025-09-23T10:12:59.742-04:00","eventName":"n8n.node.started","message":"n8n.node.started","payload":{"workflowId":"c120fCCuXalx2n7k","workflowName":"My workflow","executionId":"106","nodeType":"n8n-nodes-base.googleDrive","nodeName":"Upload file","nodeId":"45bc579c-52d8-475f-aaa2-2905df18e5d9"}}
{"__type":"$$EventMessageConfirm","confirm":"3cb4ea31-47b3-4e53-8519-b04495e18e8e","ts":"2025-09-23T10:12:59.742-04:00","source":{"id":"0","name":"eventBus"}}
{"__type":"$$EventMessageNode","id":"696301d0-5ee1-478c-8472-64543f492340","ts":"2025-09-23T10:13:11.743-04:00","eventName":"n8n.node.finished","message":"n8n.node.finished","payload":{"workflowId":"c120fCCuXalx2n7k","workflowName":"My workflow","executionId":"106","nodeType":"n8n-nodes-base.googleDrive","nodeName":"Upload file","nodeId":"45bc579c-52d8-475f-aaa2-2905df18e5d9"}}
{"__type":"$$EventMessageConfirm","confirm":"696301d0-5ee1-478c-8472-64543f492340","ts":"2025-09-23T10:13:11.744-04:00","source":{"id":"0","name":"eventBus"}}
{"__type":"$$EventMessageWorkflow","id":"6ee6394d-4265-4b20-ac0c-0f61d864b5d3","ts":"2025-09-23T10:13:11.746-04:00","eventName":"n8n.workflow.success","message":"n8n.workflow.success","payload":{"executionId":"106","success":true,"isManual":false,"workflowId":"c120fCCuXalx2n7k","workflowName":"My workflow"}}
{"__type":"$$EventMessageConfirm","confirm":"6ee6394d-4265-4b20-ac0c-0f61d864b5d3","ts":"2025-09-23T10:13:11.746-04:00","source":{"id":"0","name":"eventBus"}}
{"__type":"$$EventMessageWorkflow","id":"bfd080ec-0da6-4864-aa1e-b32ff9176ed9","ts":"2025-09-23T10:26:56.910-04:00","eventName":"n8n.workflow.started","message":"n8n.workflow.started","payload":{"executionId":"107","workflowId":"c120fCCuXalx2n7k","isManual":false,"workflowName":"My workflow"}}
{"__type":"$$EventMessageConfirm","confirm":"bfd080ec-0da6-4864-aa1e-b32ff9176ed9","ts":"2025-09-23T10:26:56.910-04:00","source":{"id":"0","name":"eventBus"}}
{"__type":"$$EventMessageNode","id":"5970c297-319f-4504-a01c-ae7c85ef2ec7","ts":"2025-09-23T10:26:56.911-04:00","eventName":"n8n.node.started","message":"n8n.node.started","payload":{"workflowId":"c120fCCuXalx2n7k","workflowName":"My workflow","executionId":"107","nodeType":"n8n-nodes-base.webhook","nodeName":"Webhook","nodeId":"50a304bf-b8f5-41a1-be7d-da5af2d325d4"}}
{"__type":"$$EventMessageConfirm","confirm":"5970c297-319f-4504-a01c-ae7c85ef2ec7","ts":"2025-09-23T10:26:56.911-04:00","source":{"id":"0","name":"eventBus"}}
{"__type":"$$EventMessageNode","id":"85e4bf86-a23e-46a2-85ed-734b6e1dfe94","ts":"2025-09-23T10:26:56.913-04:00","eventName":"n8n.node.finished","message":"n8n.node.finished","payload":{"workflowId":"c120fCCuXalx2n7k","workflowName":"My workflow","executionId":"107","nodeType":"n8n-nodes-base.webhook","nodeName":"Webhook","nodeId":"50a304bf-b8f5-41a1-be7d-da5af2d325d4"}}
{"__type":"$$EventMessageConfirm","confirm":"85e4bf86-a23e-46a2-85ed-734b6e1dfe94","ts":"2025-09-23T10:26:56.913-04:00","source":{"id":"0","name":"eventBus"}}
{"__type":"$$EventMessageNode","id":"0a1a3f39-3bc8-4885-8901-4939df14527b","ts":"2025-09-23T10:26:56.914-04:00","eventName":"n8n.node.started","message":"n8n.node.started","payload":{"workflowId":"c120fCCuXalx2n7k","workflowName":"My workflow","executionId":"107","nodeType":"n8n-nodes-base.googleDrive","nodeName":"Upload file","nodeId":"45bc579c-52d8-475f-aaa2-2905df18e5d9"}}
{"__type":"$$EventMessageConfirm","confirm":"0a1a3f39-3bc8-4885-8901-4939df14527b","ts":"2025-09-23T10:26:56.914-04:00","source":{"id":"0","name":"eventBus"}}
{"__type":"$$EventMessageNode","id":"c8d759ff-f25b-4bde-9102-faa4841ed918","ts":"2025-09-23T10:27:01.006-04:00","eventName":"n8n.node.finished","message":"n8n.node.finished","payload":{"workflowId":"c120fCCuXalx2n7k","workflowName":"My workflow","executionId":"107","nodeType":"n8n-nodes-base.googleDrive","nodeName":"Upload file","nodeId":"45bc579c-52d8-475f-aaa2-2905df18e5d9"}}
{"__type":"$$EventMessageConfirm","confirm":"c8d759ff-f25b-4bde-9102-faa4841ed918","ts":"2025-09-23T10:27:01.007-04:00","source":{"id":"0","name":"eventBus"}}
{"__type":"$$EventMessageWorkflow","id":"9d030677-28f2-4d6a-a001-b861cec74977","ts":"2025-09-23T10:27:01.007-04:00","eventName":"n8n.workflow.success","message":"n8n.workflow.success","payload":{"executionId":"107","success":true,"isManual":false,"workflowId":"c120fCCuXalx2n7k","workflowName":"My workflow"}}
{"__type":"$$EventMessageConfirm","confirm":"9d030677-28f2-4d6a-a001-b861cec74977","ts":"2025-09-23T10:27:01.007-04:00","source":{"id":"0","name":"eventBus"}}
{"__type":"$$EventMessageWorkflow","id":"0cabf3f2-8318-4fe2-be37-870612433876","ts":"2025-09-23T10:29:21.698-04:00","eventName":"n8n.workflow.started","message":"n8n.workflow.started","payload":{"executionId":"108","workflowId":"c120fCCuXalx2n7k","isManual":false,"workflowName":"My workflow"}}
{"__type":"$$EventMessageConfirm","confirm":"0cabf3f2-8318-4fe2-be37-870612433876","ts":"2025-09-23T10:29:21.698-04:00","source":{"id":"0","name":"eventBus"}}
{"__type":"$$EventMessageNode","id":"ab1efcc0-2e9d-45f0-9423-ec5fd9c162b8","ts":"2025-09-23T10:29:21.699-04:00","eventName":"n8n.node.started","message":"n8n.node.started","payload":{"workflowId":"c120fCCuXalx2n7k","workflowName":"My workflow","executionId":"108","nodeType":"n8n-nodes-base.webhook","nodeName":"Webhook","nodeId":"50a304bf-b8f5-41a1-be7d-da5af2d325d4"}}
{"__type":"$$EventMessageConfirm","confirm":"ab1efcc0-2e9d-45f0-9423-ec5fd9c162b8","ts":"2025-09-23T10:29:21.699-04:00","source":{"id":"0","name":"eventBus"}}
{"__type":"$$EventMessageNode","id":"ad855b6c-1ec7-4f7c-addc-c71a7f1cdb30","ts":"2025-09-23T10:29:21.700-04:00","eventName":"n8n.node.finished","message":"n8n.node.finished","payload":{"workflowId":"c120fCCuXalx2n7k","workflowName":"My workflow","executionId":"108","nodeType":"n8n-nodes-base.webhook","nodeName":"Webhook","nodeId":"50a304bf-b8f5-41a1-be7d-da5af2d325d4"}}
{"__type":"$$EventMessageConfirm","confirm":"ad855b6c-1ec7-4f7c-addc-c71a7f1cdb30","ts":"2025-09-23T10:29:21.700-04:00","source":{"id":"0","name":"eventBus"}}
{"__type":"$$EventMessageNode","id":"fdd58f80-7b20-4494-8537-6930f6478048","ts":"2025-09-23T10:29:21.700-04:00","eventName":"n8n.node.started","message":"n8n.node.started","payload":{"workflowId":"c120fCCuXalx2n7k","workflowName":"My workflow","executionId":"108","nodeType":"n8n-nodes-base.googleDrive","nodeName":"Upload file","nodeId":"45bc579c-52d8-475f-aaa2-2905df18e5d9"}}
{"__type":"$$EventMessageConfirm","confirm":"fdd58f80-7b20-4494-8537-6930f6478048","ts":"2025-09-23T10:29:21.700-04:00","source":{"id":"0","name":"eventBus"}}
{"__type":"$$EventMessageNode","id":"f7188c51-2e84-4a75-9b92-c2330c8a3940","ts":"2025-09-23T10:29:25.365-04:00","eventName":"n8n.node.finished","message":"n8n.node.finished","payload":{"workflowId":"c120fCCuXalx2n7k","workflowName":"My workflow","executionId":"108","nodeType":"n8n-nodes-base.googleDrive","nodeName":"Upload file","nodeId":"45bc579c-52d8-475f-aaa2-2905df18e5d9"}}
{"__type":"$$EventMessageConfirm","confirm":"f7188c51-2e84-4a75-9b92-c2330c8a3940","ts":"2025-09-23T10:29:25.365-04:00","source":{"id":"0","name":"eventBus"}}
{"__type":"$$EventMessageWorkflow","id":"8225114a-032e-4d5e-a4f9-4fad1c2b04ac","ts":"2025-09-23T10:29:25.366-04:00","eventName":"n8n.workflow.success","message":"n8n.workflow.success","payload":{"executionId":"108","success":true,"isManual":false,"workflowId":"c120fCCuXalx2n7k","workflowName":"My workflow"}}
{"__type":"$$EventMessageConfirm","confirm":"8225114a-032e-4d5e-a4f9-4fad1c2b04ac","ts":"2025-09-23T10:29:25.366-04:00","source":{"id":"0","name":"eventBus"}}
{"__type":"$$EventMessageWorkflow","id":"77662a58-f736-461d-9692-ec01df797ba2","ts":"2025-09-23T11:53:09.177-04:00","eventName":"n8n.workflow.started","message":"n8n.workflow.started","payload":{"executionId":"109","workflowId":"c120fCCuXalx2n7k","isManual":false,"workflowName":"My workflow"}}
{"__type":"$$EventMessageConfirm","confirm":"77662a58-f736-461d-9692-ec01df797ba2","ts":"2025-09-23T11:53:09.178-04:00","source":{"id":"0","name":"eventBus"}}
{"__type":"$$EventMessageNode","id":"cc0e6f48-80ab-4d27-81fe-c1cdfcab4039","ts":"2025-09-23T11:53:09.180-04:00","eventName":"n8n.node.started","message":"n8n.node.started","payload":{"workflowId":"c120fCCuXalx2n7k","workflowName":"My workflow","executionId":"109","nodeType":"n8n-nodes-base.webhook","nodeName":"Webhook","nodeId":"50a304bf-b8f5-41a1-be7d-da5af2d325d4"}}
{"__type":"$$EventMessageConfirm","confirm":"cc0e6f48-80ab-4d27-81fe-c1cdfcab4039","ts":"2025-09-23T11:53:09.180-04:00","source":{"id":"0","name":"eventBus"}}
{"__type":"$$EventMessageNode","id":"ee884b8e-dc6d-4420-9647-35fc5e3a66ee","ts":"2025-09-23T11:53:09.181-04:00","eventName":"n8n.node.finished","message":"n8n.node.finished","payload":{"workflowId":"c120fCCuXalx2n7k","workflowName":"My workflow","executionId":"109","nodeType":"n8n-nodes-base.webhook","nodeName":"Webhook","nodeId":"50a304bf-b8f5-41a1-be7d-da5af2d325d4"}}
{"__type":"$$EventMessageConfirm","confirm":"ee884b8e-dc6d-4420-9647-35fc5e3a66ee","ts":"2025-09-23T11:53:09.181-04:00","source":{"id":"0","name":"eventBus"}}
{"__type":"$$EventMessageNode","id":"e1cdee3a-15d5-4923-ad22-ed91d7c446aa","ts":"2025-09-23T11:53:09.181-04:00","eventName":"n8n.node.started","message":"n8n.node.started","payload":{"workflowId":"c120fCCuXalx2n7k","workflowName":"My workflow","executionId":"109","nodeType":"n8n-nodes-base.googleDrive","nodeName":"Upload file","nodeId":"45bc579c-52d8-475f-aaa2-2905df18e5d9"}}
{"__type":"$$EventMessageConfirm","confirm":"e1cdee3a-15d5-4923-ad22-ed91d7c446aa","ts":"2025-09-23T11:53:09.181-04:00","source":{"id":"0","name":"eventBus"}}
{"__type":"$$EventMessageNode","id":"be92019b-121a-468a-b951-80363417b19e","ts":"2025-09-23T11:53:13.964-04:00","eventName":"n8n.node.finished","message":"n8n.node.finished","payload":{"workflowId":"c120fCCuXalx2n7k","workflowName":"My workflow","executionId":"109","nodeType":"n8n-nodes-base.googleDrive","nodeName":"Upload file","nodeId":"45bc579c-52d8-475f-aaa2-2905df18e5d9"}}
{"__type":"$$EventMessageConfirm","confirm":"be92019b-121a-468a-b951-80363417b19e","ts":"2025-09-23T11:53:13.964-04:00","source":{"id":"0","name":"eventBus"}}
{"__type":"$$EventMessageWorkflow","id":"cf3d1ac6-03ee-4de6-b02f-3bdcd60d7704","ts":"2025-09-23T11:53:13.965-04:00","eventName":"n8n.workflow.success","message":"n8n.workflow.success","payload":{"executionId":"109","success":true,"isManual":false,"workflowId":"c120fCCuXalx2n7k","workflowName":"My workflow"}}
{"__type":"$$EventMessageConfirm","confirm":"cf3d1ac6-03ee-4de6-b02f-3bdcd60d7704","ts":"2025-09-23T11:53:13.965-04:00","source":{"id":"0","name":"eventBus"}}
