{"__type":"$$EventMessageWorkflow","id":"b323e4f9-d0c4-44f0-9d10-ad7abd778e0a","ts":"2025-09-22T12:58:16.607-04:00","eventName":"n8n.workflow.started","message":"n8n.workflow.started","payload":{"executionId":"93","workflowId":"c120fCCuXalx2n7k","isManual":false,"workflowName":"My workflow"}}
{"__type":"$$EventMessageConfirm","confirm":"b323e4f9-d0c4-44f0-9d10-ad7abd778e0a","ts":"2025-09-22T12:58:16.608-04:00","source":{"id":"0","name":"eventBus"}}
{"__type":"$$EventMessageNode","id":"d7654e43-2188-4c62-94d6-4ca1689f0107","ts":"2025-09-22T12:58:16.609-04:00","eventName":"n8n.node.started","message":"n8n.node.started","payload":{"workflowId":"c120fCCuXalx2n7k","workflowName":"My workflow","executionId":"93","nodeType":"n8n-nodes-base.webhook","nodeName":"Webhook","nodeId":"50a304bf-b8f5-41a1-be7d-da5af2d325d4"}}
{"__type":"$$EventMessageConfirm","confirm":"d7654e43-2188-4c62-94d6-4ca1689f0107","ts":"2025-09-22T12:58:16.609-04:00","source":{"id":"0","name":"eventBus"}}
{"__type":"$$EventMessageNode","id":"65a7c020-8421-4580-8fde-ab18f5391a39","ts":"2025-09-22T12:58:16.611-04:00","eventName":"n8n.node.finished","message":"n8n.node.finished","payload":{"workflowId":"c120fCCuXalx2n7k","workflowName":"My workflow","executionId":"93","nodeType":"n8n-nodes-base.webhook","nodeName":"Webhook","nodeId":"50a304bf-b8f5-41a1-be7d-da5af2d325d4"}}
{"__type":"$$EventMessageConfirm","confirm":"65a7c020-8421-4580-8fde-ab18f5391a39","ts":"2025-09-22T12:58:16.612-04:00","source":{"id":"0","name":"eventBus"}}
{"__type":"$$EventMessageNode","id":"da22e077-4cad-4f44-89da-a3818c18bd91","ts":"2025-09-22T12:58:16.612-04:00","eventName":"n8n.node.started","message":"n8n.node.started","payload":{"workflowId":"c120fCCuXalx2n7k","workflowName":"My workflow","executionId":"93","nodeType":"n8n-nodes-base.googleDrive","nodeName":"Upload file","nodeId":"45bc579c-52d8-475f-aaa2-2905df18e5d9"}}
{"__type":"$$EventMessageConfirm","confirm":"da22e077-4cad-4f44-89da-a3818c18bd91","ts":"2025-09-22T12:58:16.612-04:00","source":{"id":"0","name":"eventBus"}}
{"__type":"$$EventMessageNode","id":"dc8c1fc4-1a16-4da6-a9b4-247b785047b3","ts":"2025-09-22T12:58:21.254-04:00","eventName":"n8n.node.finished","message":"n8n.node.finished","payload":{"workflowId":"c120fCCuXalx2n7k","workflowName":"My workflow","executionId":"93","nodeType":"n8n-nodes-base.googleDrive","nodeName":"Upload file","nodeId":"45bc579c-52d8-475f-aaa2-2905df18e5d9"}}
{"__type":"$$EventMessageConfirm","confirm":"dc8c1fc4-1a16-4da6-a9b4-247b785047b3","ts":"2025-09-22T12:58:21.255-04:00","source":{"id":"0","name":"eventBus"}}
{"__type":"$$EventMessageWorkflow","id":"46c2399b-359b-4716-94e9-fd47af8592d7","ts":"2025-09-22T12:58:21.257-04:00","eventName":"n8n.workflow.success","message":"n8n.workflow.success","payload":{"executionId":"93","success":true,"isManual":false,"workflowId":"c120fCCuXalx2n7k","workflowName":"My workflow"}}
{"__type":"$$EventMessageConfirm","confirm":"46c2399b-359b-4716-94e9-fd47af8592d7","ts":"2025-09-22T12:58:21.258-04:00","source":{"id":"0","name":"eventBus"}}
{"__type":"$$EventMessageWorkflow","id":"e9ea29f2-39bf-4765-b026-9b3319982184","ts":"2025-09-22T12:59:40.238-04:00","eventName":"n8n.workflow.started","message":"n8n.workflow.started","payload":{"executionId":"94","workflowId":"c120fCCuXalx2n7k","isManual":false,"workflowName":"My workflow"}}
{"__type":"$$EventMessageConfirm","confirm":"e9ea29f2-39bf-4765-b026-9b3319982184","ts":"2025-09-22T12:59:40.239-04:00","source":{"id":"0","name":"eventBus"}}
{"__type":"$$EventMessageNode","id":"23411284-3970-4662-af91-6904961f7bf4","ts":"2025-09-22T12:59:40.242-04:00","eventName":"n8n.node.started","message":"n8n.node.started","payload":{"workflowId":"c120fCCuXalx2n7k","workflowName":"My workflow","executionId":"94","nodeType":"n8n-nodes-base.webhook","nodeName":"Webhook","nodeId":"50a304bf-b8f5-41a1-be7d-da5af2d325d4"}}
{"__type":"$$EventMessageConfirm","confirm":"23411284-3970-4662-af91-6904961f7bf4","ts":"2025-09-22T12:59:40.242-04:00","source":{"id":"0","name":"eventBus"}}
{"__type":"$$EventMessageNode","id":"a1cff48f-90dd-48e4-87f4-9545ae208ff0","ts":"2025-09-22T12:59:40.243-04:00","eventName":"n8n.node.finished","message":"n8n.node.finished","payload":{"workflowId":"c120fCCuXalx2n7k","workflowName":"My workflow","executionId":"94","nodeType":"n8n-nodes-base.webhook","nodeName":"Webhook","nodeId":"50a304bf-b8f5-41a1-be7d-da5af2d325d4"}}
{"__type":"$$EventMessageConfirm","confirm":"a1cff48f-90dd-48e4-87f4-9545ae208ff0","ts":"2025-09-22T12:59:40.244-04:00","source":{"id":"0","name":"eventBus"}}
{"__type":"$$EventMessageWorkflow","id":"c94053ec-94f0-4f91-b0a2-c7a972c80ef8","ts":"2025-09-22T12:59:40.252-04:00","eventName":"n8n.workflow.success","message":"n8n.workflow.success","payload":{"executionId":"94","success":true,"isManual":true,"workflowId":"c120fCCuXalx2n7k","workflowName":"My workflow"}}
{"__type":"$$EventMessageConfirm","confirm":"c94053ec-94f0-4f91-b0a2-c7a972c80ef8","ts":"2025-09-22T12:59:40.253-04:00","source":{"id":"0","name":"eventBus"}}
{"__type":"$$EventMessageAudit","id":"b478d2af-b6b6-455f-a9c4-3f47c98f2ead","ts":"2025-09-22T13:00:09.032-04:00","eventName":"n8n.audit.workflow.updated","message":"n8n.audit.workflow.updated","payload":{"userId":"f23c9b55-2596-45b1-a277-25aaeb39c479","_email":"halilibrahimkorkuda@gmail.com","_firstName":"halil","_lastName":"korkudan","globalRole":"global:owner","workflowId":"c120fCCuXalx2n7k","workflowName":"My workflow"}}
{"__type":"$$EventMessageConfirm","confirm":"b478d2af-b6b6-455f-a9c4-3f47c98f2ead","ts":"2025-09-22T13:00:09.032-04:00","source":{"id":"0","name":"eventBus"}}
{"__type":"$$EventMessageWorkflow","id":"a251c1ab-cd59-402e-adfb-c45861a7acef","ts":"2025-09-22T13:00:28.117-04:00","eventName":"n8n.workflow.started","message":"n8n.workflow.started","payload":{"executionId":"95","workflowId":"c120fCCuXalx2n7k","isManual":false,"workflowName":"My workflow"}}
{"__type":"$$EventMessageConfirm","confirm":"a251c1ab-cd59-402e-adfb-c45861a7acef","ts":"2025-09-22T13:00:28.118-04:00","source":{"id":"0","name":"eventBus"}}
{"__type":"$$EventMessageNode","id":"d555e5d1-bfa1-41c7-aa7e-fcae6a1adcc8","ts":"2025-09-22T13:00:28.119-04:00","eventName":"n8n.node.started","message":"n8n.node.started","payload":{"workflowId":"c120fCCuXalx2n7k","workflowName":"My workflow","executionId":"95","nodeType":"n8n-nodes-base.googleDrive","nodeName":"Upload file","nodeId":"45bc579c-52d8-475f-aaa2-2905df18e5d9"}}
{"__type":"$$EventMessageConfirm","confirm":"d555e5d1-bfa1-41c7-aa7e-fcae6a1adcc8","ts":"2025-09-22T13:00:28.119-04:00","source":{"id":"0","name":"eventBus"}}
{"__type":"$$EventMessageNode","id":"078e5ec5-3ebe-40d5-bc1f-0e68b6275559","ts":"2025-09-22T13:00:30.305-04:00","eventName":"n8n.node.finished","message":"n8n.node.finished","payload":{"workflowId":"c120fCCuXalx2n7k","workflowName":"My workflow","executionId":"95","nodeType":"n8n-nodes-base.googleDrive","nodeName":"Upload file","nodeId":"45bc579c-52d8-475f-aaa2-2905df18e5d9"}}
{"__type":"$$EventMessageConfirm","confirm":"078e5ec5-3ebe-40d5-bc1f-0e68b6275559","ts":"2025-09-22T13:00:30.306-04:00","source":{"id":"0","name":"eventBus"}}
{"__type":"$$EventMessageWorkflow","id":"7bb7317f-5df2-4b29-8ce5-e7e289d82989","ts":"2025-09-22T13:00:30.309-04:00","eventName":"n8n.workflow.success","message":"n8n.workflow.success","payload":{"userId":"f23c9b55-2596-45b1-a277-25aaeb39c479","executionId":"95","success":true,"isManual":true,"workflowId":"c120fCCuXalx2n7k","workflowName":"My workflow"}}
{"__type":"$$EventMessageConfirm","confirm":"7bb7317f-5df2-4b29-8ce5-e7e289d82989","ts":"2025-09-22T13:00:30.309-04:00","source":{"id":"0","name":"eventBus"}}
{"__type":"$$EventMessageWorkflow","id":"3dc2ad0f-b81e-405f-9ac0-97882d37be28","ts":"2025-09-22T13:01:13.491-04:00","eventName":"n8n.workflow.started","message":"n8n.workflow.started","payload":{"executionId":"96","workflowId":"c120fCCuXalx2n7k","isManual":false,"workflowName":"My workflow"}}
{"__type":"$$EventMessageConfirm","confirm":"3dc2ad0f-b81e-405f-9ac0-97882d37be28","ts":"2025-09-22T13:01:13.492-04:00","source":{"id":"0","name":"eventBus"}}
{"__type":"$$EventMessageNode","id":"0fcb9dce-d609-48c4-954b-a702ef531335","ts":"2025-09-22T13:01:13.493-04:00","eventName":"n8n.node.started","message":"n8n.node.started","payload":{"workflowId":"c120fCCuXalx2n7k","workflowName":"My workflow","executionId":"96","nodeType":"n8n-nodes-base.webhook","nodeName":"Webhook","nodeId":"50a304bf-b8f5-41a1-be7d-da5af2d325d4"}}
{"__type":"$$EventMessageConfirm","confirm":"0fcb9dce-d609-48c4-954b-a702ef531335","ts":"2025-09-22T13:01:13.493-04:00","source":{"id":"0","name":"eventBus"}}
{"__type":"$$EventMessageNode","id":"08d2c72a-df84-4672-b7ae-c4b70d670f85","ts":"2025-09-22T13:01:13.493-04:00","eventName":"n8n.node.finished","message":"n8n.node.finished","payload":{"workflowId":"c120fCCuXalx2n7k","workflowName":"My workflow","executionId":"96","nodeType":"n8n-nodes-base.webhook","nodeName":"Webhook","nodeId":"50a304bf-b8f5-41a1-be7d-da5af2d325d4"}}
{"__type":"$$EventMessageConfirm","confirm":"08d2c72a-df84-4672-b7ae-c4b70d670f85","ts":"2025-09-22T13:01:13.494-04:00","source":{"id":"0","name":"eventBus"}}
{"__type":"$$EventMessageNode","id":"5c77eb21-3f57-46d2-946a-6914f9262488","ts":"2025-09-22T13:01:13.495-04:00","eventName":"n8n.node.started","message":"n8n.node.started","payload":{"workflowId":"c120fCCuXalx2n7k","workflowName":"My workflow","executionId":"96","nodeType":"n8n-nodes-base.googleDrive","nodeName":"Upload file","nodeId":"45bc579c-52d8-475f-aaa2-2905df18e5d9"}}
{"__type":"$$EventMessageConfirm","confirm":"5c77eb21-3f57-46d2-946a-6914f9262488","ts":"2025-09-22T13:01:13.495-04:00","source":{"id":"0","name":"eventBus"}}
{"__type":"$$EventMessageWorkflow","id":"dc904bb7-49c4-47a1-adaa-57456f8f514d","ts":"2025-09-22T13:01:13.745-04:00","eventName":"n8n.workflow.started","message":"n8n.workflow.started","payload":{"executionId":"97","workflowId":"c120fCCuXalx2n7k","isManual":false,"workflowName":"My workflow"}}
{"__type":"$$EventMessageConfirm","confirm":"dc904bb7-49c4-47a1-adaa-57456f8f514d","ts":"2025-09-22T13:01:13.745-04:00","source":{"id":"0","name":"eventBus"}}
{"__type":"$$EventMessageNode","id":"7ad1d6dc-f064-437d-a5fe-8db34cb60934","ts":"2025-09-22T13:01:13.745-04:00","eventName":"n8n.node.started","message":"n8n.node.started","payload":{"workflowId":"c120fCCuXalx2n7k","workflowName":"My workflow","executionId":"97","nodeType":"n8n-nodes-base.webhook","nodeName":"Webhook","nodeId":"50a304bf-b8f5-41a1-be7d-da5af2d325d4"}}
{"__type":"$$EventMessageConfirm","confirm":"7ad1d6dc-f064-437d-a5fe-8db34cb60934","ts":"2025-09-22T13:01:13.745-04:00","source":{"id":"0","name":"eventBus"}}
{"__type":"$$EventMessageNode","id":"d4b3c29b-75b6-4a0d-a698-4816488ea2c9","ts":"2025-09-22T13:01:13.745-04:00","eventName":"n8n.node.finished","message":"n8n.node.finished","payload":{"workflowId":"c120fCCuXalx2n7k","workflowName":"My workflow","executionId":"97","nodeType":"n8n-nodes-base.webhook","nodeName":"Webhook","nodeId":"50a304bf-b8f5-41a1-be7d-da5af2d325d4"}}
{"__type":"$$EventMessageConfirm","confirm":"d4b3c29b-75b6-4a0d-a698-4816488ea2c9","ts":"2025-09-22T13:01:13.746-04:00","source":{"id":"0","name":"eventBus"}}
{"__type":"$$EventMessageNode","id":"5472fb8c-c07d-4f92-a337-1c1d3542066e","ts":"2025-09-22T13:01:13.746-04:00","eventName":"n8n.node.started","message":"n8n.node.started","payload":{"workflowId":"c120fCCuXalx2n7k","workflowName":"My workflow","executionId":"97","nodeType":"n8n-nodes-base.googleDrive","nodeName":"Upload file","nodeId":"45bc579c-52d8-475f-aaa2-2905df18e5d9"}}
{"__type":"$$EventMessageConfirm","confirm":"5472fb8c-c07d-4f92-a337-1c1d3542066e","ts":"2025-09-22T13:01:13.746-04:00","source":{"id":"0","name":"eventBus"}}
{"__type":"$$EventMessageNode","id":"ed51c0d1-027c-4732-bd50-455a3d5354ce","ts":"2025-09-22T13:01:20.473-04:00","eventName":"n8n.node.finished","message":"n8n.node.finished","payload":{"workflowId":"c120fCCuXalx2n7k","workflowName":"My workflow","executionId":"96","nodeType":"n8n-nodes-base.googleDrive","nodeName":"Upload file","nodeId":"45bc579c-52d8-475f-aaa2-2905df18e5d9"}}
{"__type":"$$EventMessageConfirm","confirm":"ed51c0d1-027c-4732-bd50-455a3d5354ce","ts":"2025-09-22T13:01:20.473-04:00","source":{"id":"0","name":"eventBus"}}
{"__type":"$$EventMessageWorkflow","id":"967d3b68-f372-4e7a-94bc-ad5a065d1195","ts":"2025-09-22T13:01:20.473-04:00","eventName":"n8n.workflow.success","message":"n8n.workflow.success","payload":{"executionId":"96","success":true,"isManual":false,"workflowId":"c120fCCuXalx2n7k","workflowName":"My workflow"}}
{"__type":"$$EventMessageConfirm","confirm":"967d3b68-f372-4e7a-94bc-ad5a065d1195","ts":"2025-09-22T13:01:20.473-04:00","source":{"id":"0","name":"eventBus"}}
{"__type":"$$EventMessageNode","id":"3203172e-9993-46a1-b757-1fd6681e9036","ts":"2025-09-22T13:01:21.478-04:00","eventName":"n8n.node.finished","message":"n8n.node.finished","payload":{"workflowId":"c120fCCuXalx2n7k","workflowName":"My workflow","executionId":"97","nodeType":"n8n-nodes-base.googleDrive","nodeName":"Upload file","nodeId":"45bc579c-52d8-475f-aaa2-2905df18e5d9"}}
{"__type":"$$EventMessageConfirm","confirm":"3203172e-9993-46a1-b757-1fd6681e9036","ts":"2025-09-22T13:01:21.478-04:00","source":{"id":"0","name":"eventBus"}}
{"__type":"$$EventMessageWorkflow","id":"ac6705ce-7e4a-408c-b4d6-ddf640ccbb63","ts":"2025-09-22T13:01:21.478-04:00","eventName":"n8n.workflow.success","message":"n8n.workflow.success","payload":{"executionId":"97","success":true,"isManual":false,"workflowId":"c120fCCuXalx2n7k","workflowName":"My workflow"}}
{"__type":"$$EventMessageConfirm","confirm":"ac6705ce-7e4a-408c-b4d6-ddf640ccbb63","ts":"2025-09-22T13:01:21.479-04:00","source":{"id":"0","name":"eventBus"}}
{"__type":"$$EventMessageWorkflow","id":"694d3fe7-d431-430e-8ba7-7a65fc821d72","ts":"2025-09-22T13:07:17.719-04:00","eventName":"n8n.workflow.started","message":"n8n.workflow.started","payload":{"executionId":"98","workflowId":"c120fCCuXalx2n7k","isManual":false,"workflowName":"My workflow"}}
{"__type":"$$EventMessageConfirm","confirm":"694d3fe7-d431-430e-8ba7-7a65fc821d72","ts":"2025-09-22T13:07:17.719-04:00","source":{"id":"0","name":"eventBus"}}
{"__type":"$$EventMessageNode","id":"9b609afa-8ab4-4ea8-ad9c-a8d63c7c0325","ts":"2025-09-22T13:07:17.719-04:00","eventName":"n8n.node.started","message":"n8n.node.started","payload":{"workflowId":"c120fCCuXalx2n7k","workflowName":"My workflow","executionId":"98","nodeType":"n8n-nodes-base.webhook","nodeName":"Webhook","nodeId":"50a304bf-b8f5-41a1-be7d-da5af2d325d4"}}
{"__type":"$$EventMessageConfirm","confirm":"9b609afa-8ab4-4ea8-ad9c-a8d63c7c0325","ts":"2025-09-22T13:07:17.720-04:00","source":{"id":"0","name":"eventBus"}}
{"__type":"$$EventMessageNode","id":"5ffd2209-6859-42c7-bf41-9e0a27234249","ts":"2025-09-22T13:07:17.721-04:00","eventName":"n8n.node.finished","message":"n8n.node.finished","payload":{"workflowId":"c120fCCuXalx2n7k","workflowName":"My workflow","executionId":"98","nodeType":"n8n-nodes-base.webhook","nodeName":"Webhook","nodeId":"50a304bf-b8f5-41a1-be7d-da5af2d325d4"}}
{"__type":"$$EventMessageConfirm","confirm":"5ffd2209-6859-42c7-bf41-9e0a27234249","ts":"2025-09-22T13:07:17.721-04:00","source":{"id":"0","name":"eventBus"}}
{"__type":"$$EventMessageNode","id":"62b0e981-e0c6-4821-a7bb-40c736772596","ts":"2025-09-22T13:07:17.723-04:00","eventName":"n8n.node.started","message":"n8n.node.started","payload":{"workflowId":"c120fCCuXalx2n7k","workflowName":"My workflow","executionId":"98","nodeType":"n8n-nodes-base.googleDrive","nodeName":"Upload file","nodeId":"45bc579c-52d8-475f-aaa2-2905df18e5d9"}}
{"__type":"$$EventMessageConfirm","confirm":"62b0e981-e0c6-4821-a7bb-40c736772596","ts":"2025-09-22T13:07:17.723-04:00","source":{"id":"0","name":"eventBus"}}
{"__type":"$$EventMessageNode","id":"ce292270-bc88-4ebe-bba3-19b0fd6e9c86","ts":"2025-09-22T13:07:23.555-04:00","eventName":"n8n.node.finished","message":"n8n.node.finished","payload":{"workflowId":"c120fCCuXalx2n7k","workflowName":"My workflow","executionId":"98","nodeType":"n8n-nodes-base.googleDrive","nodeName":"Upload file","nodeId":"45bc579c-52d8-475f-aaa2-2905df18e5d9"}}
{"__type":"$$EventMessageConfirm","confirm":"ce292270-bc88-4ebe-bba3-19b0fd6e9c86","ts":"2025-09-22T13:07:23.555-04:00","source":{"id":"0","name":"eventBus"}}
{"__type":"$$EventMessageWorkflow","id":"f7720f48-1c75-40f7-a338-64202d7bbfb1","ts":"2025-09-22T13:07:23.555-04:00","eventName":"n8n.workflow.success","message":"n8n.workflow.success","payload":{"executionId":"98","success":true,"isManual":false,"workflowId":"c120fCCuXalx2n7k","workflowName":"My workflow"}}
{"__type":"$$EventMessageConfirm","confirm":"f7720f48-1c75-40f7-a338-64202d7bbfb1","ts":"2025-09-22T13:07:23.556-04:00","source":{"id":"0","name":"eventBus"}}
{"__type":"$$EventMessageWorkflow","id":"d425771d-9adc-406b-bb01-06dc446d64ec","ts":"2025-09-22T13:13:25.810-04:00","eventName":"n8n.workflow.started","message":"n8n.workflow.started","payload":{"executionId":"99","workflowId":"c120fCCuXalx2n7k","isManual":false,"workflowName":"My workflow"}}
{"__type":"$$EventMessageConfirm","confirm":"d425771d-9adc-406b-bb01-06dc446d64ec","ts":"2025-09-22T13:13:25.810-04:00","source":{"id":"0","name":"eventBus"}}
{"__type":"$$EventMessageNode","id":"fbb6cad3-7323-4aff-aab1-839fcbe14600","ts":"2025-09-22T13:13:25.811-04:00","eventName":"n8n.node.started","message":"n8n.node.started","payload":{"workflowId":"c120fCCuXalx2n7k","workflowName":"My workflow","executionId":"99","nodeType":"n8n-nodes-base.webhook","nodeName":"Webhook","nodeId":"50a304bf-b8f5-41a1-be7d-da5af2d325d4"}}
{"__type":"$$EventMessageConfirm","confirm":"fbb6cad3-7323-4aff-aab1-839fcbe14600","ts":"2025-09-22T13:13:25.811-04:00","source":{"id":"0","name":"eventBus"}}
{"__type":"$$EventMessageNode","id":"6e59e000-01d8-4c87-8d34-e6ccc4c1d56a","ts":"2025-09-22T13:13:25.811-04:00","eventName":"n8n.node.finished","message":"n8n.node.finished","payload":{"workflowId":"c120fCCuXalx2n7k","workflowName":"My workflow","executionId":"99","nodeType":"n8n-nodes-base.webhook","nodeName":"Webhook","nodeId":"50a304bf-b8f5-41a1-be7d-da5af2d325d4"}}
{"__type":"$$EventMessageConfirm","confirm":"6e59e000-01d8-4c87-8d34-e6ccc4c1d56a","ts":"2025-09-22T13:13:25.811-04:00","source":{"id":"0","name":"eventBus"}}
{"__type":"$$EventMessageNode","id":"f1637b3c-043e-4399-aad0-438cb2acaa49","ts":"2025-09-22T13:13:25.812-04:00","eventName":"n8n.node.started","message":"n8n.node.started","payload":{"workflowId":"c120fCCuXalx2n7k","workflowName":"My workflow","executionId":"99","nodeType":"n8n-nodes-base.googleDrive","nodeName":"Upload file","nodeId":"45bc579c-52d8-475f-aaa2-2905df18e5d9"}}
{"__type":"$$EventMessageConfirm","confirm":"f1637b3c-043e-4399-aad0-438cb2acaa49","ts":"2025-09-22T13:13:25.812-04:00","source":{"id":"0","name":"eventBus"}}
{"__type":"$$EventMessageNode","id":"7927b13f-6348-400c-8a41-73b92389806a","ts":"2025-09-22T13:13:28.048-04:00","eventName":"n8n.node.finished","message":"n8n.node.finished","payload":{"workflowId":"c120fCCuXalx2n7k","workflowName":"My workflow","executionId":"99","nodeType":"n8n-nodes-base.googleDrive","nodeName":"Upload file","nodeId":"45bc579c-52d8-475f-aaa2-2905df18e5d9"}}
{"__type":"$$EventMessageConfirm","confirm":"7927b13f-6348-400c-8a41-73b92389806a","ts":"2025-09-22T13:13:28.049-04:00","source":{"id":"0","name":"eventBus"}}
{"__type":"$$EventMessageWorkflow","id":"0ddaf3b2-f3de-49f7-b3b1-34089531158e","ts":"2025-09-22T13:13:28.049-04:00","eventName":"n8n.workflow.success","message":"n8n.workflow.success","payload":{"executionId":"99","success":true,"isManual":false,"workflowId":"c120fCCuXalx2n7k","workflowName":"My workflow"}}
{"__type":"$$EventMessageConfirm","confirm":"0ddaf3b2-f3de-49f7-b3b1-34089531158e","ts":"2025-09-22T13:13:28.050-04:00","source":{"id":"0","name":"eventBus"}}
{"__type":"$$EventMessageWorkflow","id":"b62233a5-ee57-42ec-bf54-06792a484529","ts":"2025-09-22T13:14:25.351-04:00","eventName":"n8n.workflow.started","message":"n8n.workflow.started","payload":{"executionId":"100","workflowId":"c120fCCuXalx2n7k","isManual":false,"workflowName":"My workflow"}}
{"__type":"$$EventMessageConfirm","confirm":"b62233a5-ee57-42ec-bf54-06792a484529","ts":"2025-09-22T13:14:25.351-04:00","source":{"id":"0","name":"eventBus"}}
{"__type":"$$EventMessageNode","id":"3a5a480b-76c8-490d-b2ff-cb67e460fa50","ts":"2025-09-22T13:14:25.351-04:00","eventName":"n8n.node.started","message":"n8n.node.started","payload":{"workflowId":"c120fCCuXalx2n7k","workflowName":"My workflow","executionId":"100","nodeType":"n8n-nodes-base.webhook","nodeName":"Webhook","nodeId":"50a304bf-b8f5-41a1-be7d-da5af2d325d4"}}
{"__type":"$$EventMessageConfirm","confirm":"3a5a480b-76c8-490d-b2ff-cb67e460fa50","ts":"2025-09-22T13:14:25.351-04:00","source":{"id":"0","name":"eventBus"}}
{"__type":"$$EventMessageNode","id":"d8720edb-b622-4236-ae8c-3fe3ce817c93","ts":"2025-09-22T13:14:25.351-04:00","eventName":"n8n.node.finished","message":"n8n.node.finished","payload":{"workflowId":"c120fCCuXalx2n7k","workflowName":"My workflow","executionId":"100","nodeType":"n8n-nodes-base.webhook","nodeName":"Webhook","nodeId":"50a304bf-b8f5-41a1-be7d-da5af2d325d4"}}
{"__type":"$$EventMessageConfirm","confirm":"d8720edb-b622-4236-ae8c-3fe3ce817c93","ts":"2025-09-22T13:14:25.351-04:00","source":{"id":"0","name":"eventBus"}}
{"__type":"$$EventMessageNode","id":"8a9055bb-5ae7-40a8-a498-c51732ab30d6","ts":"2025-09-22T13:14:25.352-04:00","eventName":"n8n.node.started","message":"n8n.node.started","payload":{"workflowId":"c120fCCuXalx2n7k","workflowName":"My workflow","executionId":"100","nodeType":"n8n-nodes-base.googleDrive","nodeName":"Upload file","nodeId":"45bc579c-52d8-475f-aaa2-2905df18e5d9"}}
{"__type":"$$EventMessageConfirm","confirm":"8a9055bb-5ae7-40a8-a498-c51732ab30d6","ts":"2025-09-22T13:14:25.352-04:00","source":{"id":"0","name":"eventBus"}}
{"__type":"$$EventMessageNode","id":"db90229a-b6d5-414c-aaa2-f2d26254539f","ts":"2025-09-22T13:14:31.727-04:00","eventName":"n8n.node.finished","message":"n8n.node.finished","payload":{"workflowId":"c120fCCuXalx2n7k","workflowName":"My workflow","executionId":"100","nodeType":"n8n-nodes-base.googleDrive","nodeName":"Upload file","nodeId":"45bc579c-52d8-475f-aaa2-2905df18e5d9"}}
{"__type":"$$EventMessageConfirm","confirm":"db90229a-b6d5-414c-aaa2-f2d26254539f","ts":"2025-09-22T13:14:31.727-04:00","source":{"id":"0","name":"eventBus"}}
{"__type":"$$EventMessageWorkflow","id":"7615dfe5-f392-4fd3-96fa-3f768b9d7f28","ts":"2025-09-22T13:14:31.727-04:00","eventName":"n8n.workflow.success","message":"n8n.workflow.success","payload":{"executionId":"100","success":true,"isManual":false,"workflowId":"c120fCCuXalx2n7k","workflowName":"My workflow"}}
{"__type":"$$EventMessageConfirm","confirm":"7615dfe5-f392-4fd3-96fa-3f768b9d7f28","ts":"2025-09-22T13:14:31.728-04:00","source":{"id":"0","name":"eventBus"}}
