{"__type":"$$EventMessageWorkflow","id":"d2c2ac22-2dc3-4c96-aaa7-5df8fef8a69a","ts":"2025-09-22T12:54:00.718-04:00","eventName":"n8n.workflow.started","message":"n8n.workflow.started","payload":{"executionId":"75","workflowId":"c120fCCuXalx2n7k","isManual":false,"workflowName":"My workflow"}}
{"__type":"$$EventMessageConfirm","confirm":"d2c2ac22-2dc3-4c96-aaa7-5df8fef8a69a","ts":"2025-09-22T12:54:00.719-04:00","source":{"id":"0","name":"eventBus"}}
{"__type":"$$EventMessageNode","id":"a73605e0-f8fe-41e0-983c-5898fe3d434b","ts":"2025-09-22T12:54:00.722-04:00","eventName":"n8n.node.started","message":"n8n.node.started","payload":{"workflowId":"c120fCCuXalx2n7k","workflowName":"My workflow","executionId":"75","nodeType":"n8n-nodes-base.webhook","nodeName":"Webhook","nodeId":"50a304bf-b8f5-41a1-be7d-da5af2d325d4"}}
{"__type":"$$EventMessageConfirm","confirm":"a73605e0-f8fe-41e0-983c-5898fe3d434b","ts":"2025-09-22T12:54:00.722-04:00","source":{"id":"0","name":"eventBus"}}
{"__type":"$$EventMessageNode","id":"f021d067-8056-41de-9288-3c77ba1b74f9","ts":"2025-09-22T12:54:00.724-04:00","eventName":"n8n.node.finished","message":"n8n.node.finished","payload":{"workflowId":"c120fCCuXalx2n7k","workflowName":"My workflow","executionId":"75","nodeType":"n8n-nodes-base.webhook","nodeName":"Webhook","nodeId":"50a304bf-b8f5-41a1-be7d-da5af2d325d4"}}
{"__type":"$$EventMessageConfirm","confirm":"f021d067-8056-41de-9288-3c77ba1b74f9","ts":"2025-09-22T12:54:00.724-04:00","source":{"id":"0","name":"eventBus"}}
{"__type":"$$EventMessageNode","id":"5c417a8e-f169-47a7-baf1-c2dd6bef4e20","ts":"2025-09-22T12:54:00.725-04:00","eventName":"n8n.node.started","message":"n8n.node.started","payload":{"workflowId":"c120fCCuXalx2n7k","workflowName":"My workflow","executionId":"75","nodeType":"n8n-nodes-base.googleDrive","nodeName":"Upload file","nodeId":"45bc579c-52d8-475f-aaa2-2905df18e5d9"}}
{"__type":"$$EventMessageConfirm","confirm":"5c417a8e-f169-47a7-baf1-c2dd6bef4e20","ts":"2025-09-22T12:54:00.725-04:00","source":{"id":"0","name":"eventBus"}}
{"__type":"$$EventMessageWorkflow","id":"c42309e7-33a6-4d36-bdf3-ef94bfda0418","ts":"2025-09-22T12:54:00.929-04:00","eventName":"n8n.workflow.started","message":"n8n.workflow.started","payload":{"executionId":"76","workflowId":"c120fCCuXalx2n7k","isManual":false,"workflowName":"My workflow"}}
{"__type":"$$EventMessageConfirm","confirm":"c42309e7-33a6-4d36-bdf3-ef94bfda0418","ts":"2025-09-22T12:54:00.930-04:00","source":{"id":"0","name":"eventBus"}}
{"__type":"$$EventMessageNode","id":"ce30ee77-3078-44ab-8306-d24b38e26183","ts":"2025-09-22T12:54:00.931-04:00","eventName":"n8n.node.started","message":"n8n.node.started","payload":{"workflowId":"c120fCCuXalx2n7k","workflowName":"My workflow","executionId":"76","nodeType":"n8n-nodes-base.webhook","nodeName":"Webhook","nodeId":"50a304bf-b8f5-41a1-be7d-da5af2d325d4"}}
{"__type":"$$EventMessageConfirm","confirm":"ce30ee77-3078-44ab-8306-d24b38e26183","ts":"2025-09-22T12:54:00.931-04:00","source":{"id":"0","name":"eventBus"}}
{"__type":"$$EventMessageNode","id":"f6130e72-294a-47a5-96d2-610798b1d040","ts":"2025-09-22T12:54:00.931-04:00","eventName":"n8n.node.finished","message":"n8n.node.finished","payload":{"workflowId":"c120fCCuXalx2n7k","workflowName":"My workflow","executionId":"76","nodeType":"n8n-nodes-base.webhook","nodeName":"Webhook","nodeId":"50a304bf-b8f5-41a1-be7d-da5af2d325d4"}}
{"__type":"$$EventMessageConfirm","confirm":"f6130e72-294a-47a5-96d2-610798b1d040","ts":"2025-09-22T12:54:00.931-04:00","source":{"id":"0","name":"eventBus"}}
{"__type":"$$EventMessageNode","id":"c9aa6c89-464e-4ce6-b507-c6807dd5a2b9","ts":"2025-09-22T12:54:00.932-04:00","eventName":"n8n.node.started","message":"n8n.node.started","payload":{"workflowId":"c120fCCuXalx2n7k","workflowName":"My workflow","executionId":"76","nodeType":"n8n-nodes-base.googleDrive","nodeName":"Upload file","nodeId":"45bc579c-52d8-475f-aaa2-2905df18e5d9"}}
{"__type":"$$EventMessageConfirm","confirm":"c9aa6c89-464e-4ce6-b507-c6807dd5a2b9","ts":"2025-09-22T12:54:00.932-04:00","source":{"id":"0","name":"eventBus"}}
{"__type":"$$EventMessageWorkflow","id":"5a3d7ff8-094a-43f1-8f2c-08b9fb6e88b5","ts":"2025-09-22T12:54:01.202-04:00","eventName":"n8n.workflow.started","message":"n8n.workflow.started","payload":{"executionId":"77","workflowId":"c120fCCuXalx2n7k","isManual":false,"workflowName":"My workflow"}}
{"__type":"$$EventMessageConfirm","confirm":"5a3d7ff8-094a-43f1-8f2c-08b9fb6e88b5","ts":"2025-09-22T12:54:01.202-04:00","source":{"id":"0","name":"eventBus"}}
{"__type":"$$EventMessageNode","id":"09d905be-fd85-418a-b116-9e8c2523123e","ts":"2025-09-22T12:54:01.204-04:00","eventName":"n8n.node.started","message":"n8n.node.started","payload":{"workflowId":"c120fCCuXalx2n7k","workflowName":"My workflow","executionId":"77","nodeType":"n8n-nodes-base.webhook","nodeName":"Webhook","nodeId":"50a304bf-b8f5-41a1-be7d-da5af2d325d4"}}
{"__type":"$$EventMessageConfirm","confirm":"09d905be-fd85-418a-b116-9e8c2523123e","ts":"2025-09-22T12:54:01.204-04:00","source":{"id":"0","name":"eventBus"}}
{"__type":"$$EventMessageNode","id":"a2dae9c9-526b-417c-b6be-2299c750e20f","ts":"2025-09-22T12:54:01.205-04:00","eventName":"n8n.node.finished","message":"n8n.node.finished","payload":{"workflowId":"c120fCCuXalx2n7k","workflowName":"My workflow","executionId":"77","nodeType":"n8n-nodes-base.webhook","nodeName":"Webhook","nodeId":"50a304bf-b8f5-41a1-be7d-da5af2d325d4"}}
{"__type":"$$EventMessageConfirm","confirm":"a2dae9c9-526b-417c-b6be-2299c750e20f","ts":"2025-09-22T12:54:01.206-04:00","source":{"id":"0","name":"eventBus"}}
{"__type":"$$EventMessageNode","id":"d4ac9240-e27b-4abd-8e38-e6673b224dc6","ts":"2025-09-22T12:54:01.206-04:00","eventName":"n8n.node.started","message":"n8n.node.started","payload":{"workflowId":"c120fCCuXalx2n7k","workflowName":"My workflow","executionId":"77","nodeType":"n8n-nodes-base.googleDrive","nodeName":"Upload file","nodeId":"45bc579c-52d8-475f-aaa2-2905df18e5d9"}}
{"__type":"$$EventMessageConfirm","confirm":"d4ac9240-e27b-4abd-8e38-e6673b224dc6","ts":"2025-09-22T12:54:01.207-04:00","source":{"id":"0","name":"eventBus"}}
{"__type":"$$EventMessageWorkflow","id":"078b6d92-9e5f-4559-aa30-c5ec4a5bf962","ts":"2025-09-22T12:54:01.430-04:00","eventName":"n8n.workflow.started","message":"n8n.workflow.started","payload":{"executionId":"78","workflowId":"c120fCCuXalx2n7k","isManual":false,"workflowName":"My workflow"}}
{"__type":"$$EventMessageConfirm","confirm":"078b6d92-9e5f-4559-aa30-c5ec4a5bf962","ts":"2025-09-22T12:54:01.430-04:00","source":{"id":"0","name":"eventBus"}}
{"__type":"$$EventMessageNode","id":"796d7b34-a534-4d36-a1d9-be2cb9561c59","ts":"2025-09-22T12:54:01.431-04:00","eventName":"n8n.node.started","message":"n8n.node.started","payload":{"workflowId":"c120fCCuXalx2n7k","workflowName":"My workflow","executionId":"78","nodeType":"n8n-nodes-base.webhook","nodeName":"Webhook","nodeId":"50a304bf-b8f5-41a1-be7d-da5af2d325d4"}}
{"__type":"$$EventMessageConfirm","confirm":"796d7b34-a534-4d36-a1d9-be2cb9561c59","ts":"2025-09-22T12:54:01.431-04:00","source":{"id":"0","name":"eventBus"}}
{"__type":"$$EventMessageNode","id":"f5d5bf10-9593-405e-a6b5-6b25525b3dd4","ts":"2025-09-22T12:54:01.432-04:00","eventName":"n8n.node.finished","message":"n8n.node.finished","payload":{"workflowId":"c120fCCuXalx2n7k","workflowName":"My workflow","executionId":"78","nodeType":"n8n-nodes-base.webhook","nodeName":"Webhook","nodeId":"50a304bf-b8f5-41a1-be7d-da5af2d325d4"}}
{"__type":"$$EventMessageConfirm","confirm":"f5d5bf10-9593-405e-a6b5-6b25525b3dd4","ts":"2025-09-22T12:54:01.432-04:00","source":{"id":"0","name":"eventBus"}}
{"__type":"$$EventMessageNode","id":"cb63de42-bad1-4689-b436-666bfe8e3b75","ts":"2025-09-22T12:54:01.433-04:00","eventName":"n8n.node.started","message":"n8n.node.started","payload":{"workflowId":"c120fCCuXalx2n7k","workflowName":"My workflow","executionId":"78","nodeType":"n8n-nodes-base.googleDrive","nodeName":"Upload file","nodeId":"45bc579c-52d8-475f-aaa2-2905df18e5d9"}}
{"__type":"$$EventMessageConfirm","confirm":"cb63de42-bad1-4689-b436-666bfe8e3b75","ts":"2025-09-22T12:54:01.433-04:00","source":{"id":"0","name":"eventBus"}}
{"__type":"$$EventMessageWorkflow","id":"08fce20c-8def-4c07-9e9d-f4e2c3f3b0c0","ts":"2025-09-22T12:54:01.644-04:00","eventName":"n8n.workflow.started","message":"n8n.workflow.started","payload":{"executionId":"79","workflowId":"c120fCCuXalx2n7k","isManual":false,"workflowName":"My workflow"}}
{"__type":"$$EventMessageConfirm","confirm":"08fce20c-8def-4c07-9e9d-f4e2c3f3b0c0","ts":"2025-09-22T12:54:01.644-04:00","source":{"id":"0","name":"eventBus"}}
{"__type":"$$EventMessageNode","id":"37982b7a-2f99-4349-87a5-8210580f347a","ts":"2025-09-22T12:54:01.644-04:00","eventName":"n8n.node.started","message":"n8n.node.started","payload":{"workflowId":"c120fCCuXalx2n7k","workflowName":"My workflow","executionId":"79","nodeType":"n8n-nodes-base.webhook","nodeName":"Webhook","nodeId":"50a304bf-b8f5-41a1-be7d-da5af2d325d4"}}
{"__type":"$$EventMessageConfirm","confirm":"37982b7a-2f99-4349-87a5-8210580f347a","ts":"2025-09-22T12:54:01.644-04:00","source":{"id":"0","name":"eventBus"}}
{"__type":"$$EventMessageNode","id":"7773ed1f-0bc9-4470-a48c-3f5988aa25ca","ts":"2025-09-22T12:54:01.645-04:00","eventName":"n8n.node.finished","message":"n8n.node.finished","payload":{"workflowId":"c120fCCuXalx2n7k","workflowName":"My workflow","executionId":"79","nodeType":"n8n-nodes-base.webhook","nodeName":"Webhook","nodeId":"50a304bf-b8f5-41a1-be7d-da5af2d325d4"}}
{"__type":"$$EventMessageConfirm","confirm":"7773ed1f-0bc9-4470-a48c-3f5988aa25ca","ts":"2025-09-22T12:54:01.645-04:00","source":{"id":"0","name":"eventBus"}}
{"__type":"$$EventMessageNode","id":"6b2339f6-b300-4488-8781-fd14779a3de5","ts":"2025-09-22T12:54:01.646-04:00","eventName":"n8n.node.started","message":"n8n.node.started","payload":{"workflowId":"c120fCCuXalx2n7k","workflowName":"My workflow","executionId":"79","nodeType":"n8n-nodes-base.googleDrive","nodeName":"Upload file","nodeId":"45bc579c-52d8-475f-aaa2-2905df18e5d9"}}
{"__type":"$$EventMessageConfirm","confirm":"6b2339f6-b300-4488-8781-fd14779a3de5","ts":"2025-09-22T12:54:01.646-04:00","source":{"id":"0","name":"eventBus"}}
{"__type":"$$EventMessageWorkflow","id":"0cbfbd80-1a9d-4001-959d-6de574286659","ts":"2025-09-22T12:54:01.886-04:00","eventName":"n8n.workflow.started","message":"n8n.workflow.started","payload":{"executionId":"80","workflowId":"c120fCCuXalx2n7k","isManual":false,"workflowName":"My workflow"}}
{"__type":"$$EventMessageConfirm","confirm":"0cbfbd80-1a9d-4001-959d-6de574286659","ts":"2025-09-22T12:54:01.887-04:00","source":{"id":"0","name":"eventBus"}}
{"__type":"$$EventMessageNode","id":"f37d2665-6ddc-4519-a488-a0cdd4358092","ts":"2025-09-22T12:54:01.887-04:00","eventName":"n8n.node.started","message":"n8n.node.started","payload":{"workflowId":"c120fCCuXalx2n7k","workflowName":"My workflow","executionId":"80","nodeType":"n8n-nodes-base.webhook","nodeName":"Webhook","nodeId":"50a304bf-b8f5-41a1-be7d-da5af2d325d4"}}
{"__type":"$$EventMessageConfirm","confirm":"f37d2665-6ddc-4519-a488-a0cdd4358092","ts":"2025-09-22T12:54:01.887-04:00","source":{"id":"0","name":"eventBus"}}
{"__type":"$$EventMessageNode","id":"81ee65af-28d2-4ab0-adf3-3820c510a031","ts":"2025-09-22T12:54:01.888-04:00","eventName":"n8n.node.finished","message":"n8n.node.finished","payload":{"workflowId":"c120fCCuXalx2n7k","workflowName":"My workflow","executionId":"80","nodeType":"n8n-nodes-base.webhook","nodeName":"Webhook","nodeId":"50a304bf-b8f5-41a1-be7d-da5af2d325d4"}}
{"__type":"$$EventMessageConfirm","confirm":"81ee65af-28d2-4ab0-adf3-3820c510a031","ts":"2025-09-22T12:54:01.888-04:00","source":{"id":"0","name":"eventBus"}}
{"__type":"$$EventMessageNode","id":"1fd10c45-8572-44e9-863a-a788fd4576be","ts":"2025-09-22T12:54:01.888-04:00","eventName":"n8n.node.started","message":"n8n.node.started","payload":{"workflowId":"c120fCCuXalx2n7k","workflowName":"My workflow","executionId":"80","nodeType":"n8n-nodes-base.googleDrive","nodeName":"Upload file","nodeId":"45bc579c-52d8-475f-aaa2-2905df18e5d9"}}
{"__type":"$$EventMessageConfirm","confirm":"1fd10c45-8572-44e9-863a-a788fd4576be","ts":"2025-09-22T12:54:01.888-04:00","source":{"id":"0","name":"eventBus"}}
{"__type":"$$EventMessageWorkflow","id":"73040c37-24b7-48d2-bc59-4dc6d88677e0","ts":"2025-09-22T12:54:02.125-04:00","eventName":"n8n.workflow.started","message":"n8n.workflow.started","payload":{"executionId":"81","workflowId":"c120fCCuXalx2n7k","isManual":false,"workflowName":"My workflow"}}
{"__type":"$$EventMessageConfirm","confirm":"73040c37-24b7-48d2-bc59-4dc6d88677e0","ts":"2025-09-22T12:54:02.125-04:00","source":{"id":"0","name":"eventBus"}}
{"__type":"$$EventMessageNode","id":"998fe065-e798-4c97-8225-597ea33da940","ts":"2025-09-22T12:54:02.125-04:00","eventName":"n8n.node.started","message":"n8n.node.started","payload":{"workflowId":"c120fCCuXalx2n7k","workflowName":"My workflow","executionId":"81","nodeType":"n8n-nodes-base.webhook","nodeName":"Webhook","nodeId":"50a304bf-b8f5-41a1-be7d-da5af2d325d4"}}
{"__type":"$$EventMessageConfirm","confirm":"998fe065-e798-4c97-8225-597ea33da940","ts":"2025-09-22T12:54:02.125-04:00","source":{"id":"0","name":"eventBus"}}
{"__type":"$$EventMessageNode","id":"bafb1029-51cf-4353-9f9f-c987cfc441fe","ts":"2025-09-22T12:54:02.125-04:00","eventName":"n8n.node.finished","message":"n8n.node.finished","payload":{"workflowId":"c120fCCuXalx2n7k","workflowName":"My workflow","executionId":"81","nodeType":"n8n-nodes-base.webhook","nodeName":"Webhook","nodeId":"50a304bf-b8f5-41a1-be7d-da5af2d325d4"}}
{"__type":"$$EventMessageConfirm","confirm":"bafb1029-51cf-4353-9f9f-c987cfc441fe","ts":"2025-09-22T12:54:02.125-04:00","source":{"id":"0","name":"eventBus"}}
{"__type":"$$EventMessageNode","id":"871be681-544c-417b-ad04-58ccdb88a6be","ts":"2025-09-22T12:54:02.126-04:00","eventName":"n8n.node.started","message":"n8n.node.started","payload":{"workflowId":"c120fCCuXalx2n7k","workflowName":"My workflow","executionId":"81","nodeType":"n8n-nodes-base.googleDrive","nodeName":"Upload file","nodeId":"45bc579c-52d8-475f-aaa2-2905df18e5d9"}}
{"__type":"$$EventMessageConfirm","confirm":"871be681-544c-417b-ad04-58ccdb88a6be","ts":"2025-09-22T12:54:02.126-04:00","source":{"id":"0","name":"eventBus"}}
{"__type":"$$EventMessageWorkflow","id":"5f8d8fc5-0e65-479e-aa7d-f8861283ca97","ts":"2025-09-22T12:54:02.332-04:00","eventName":"n8n.workflow.started","message":"n8n.workflow.started","payload":{"executionId":"82","workflowId":"c120fCCuXalx2n7k","isManual":false,"workflowName":"My workflow"}}
{"__type":"$$EventMessageConfirm","confirm":"5f8d8fc5-0e65-479e-aa7d-f8861283ca97","ts":"2025-09-22T12:54:02.333-04:00","source":{"id":"0","name":"eventBus"}}
{"__type":"$$EventMessageNode","id":"1e660262-690e-4650-9beb-2dd73084749f","ts":"2025-09-22T12:54:02.333-04:00","eventName":"n8n.node.started","message":"n8n.node.started","payload":{"workflowId":"c120fCCuXalx2n7k","workflowName":"My workflow","executionId":"82","nodeType":"n8n-nodes-base.webhook","nodeName":"Webhook","nodeId":"50a304bf-b8f5-41a1-be7d-da5af2d325d4"}}
{"__type":"$$EventMessageConfirm","confirm":"1e660262-690e-4650-9beb-2dd73084749f","ts":"2025-09-22T12:54:02.333-04:00","source":{"id":"0","name":"eventBus"}}
{"__type":"$$EventMessageNode","id":"767ce084-f4fd-4a96-bec4-38b962a6975d","ts":"2025-09-22T12:54:02.334-04:00","eventName":"n8n.node.finished","message":"n8n.node.finished","payload":{"workflowId":"c120fCCuXalx2n7k","workflowName":"My workflow","executionId":"82","nodeType":"n8n-nodes-base.webhook","nodeName":"Webhook","nodeId":"50a304bf-b8f5-41a1-be7d-da5af2d325d4"}}
{"__type":"$$EventMessageConfirm","confirm":"767ce084-f4fd-4a96-bec4-38b962a6975d","ts":"2025-09-22T12:54:02.334-04:00","source":{"id":"0","name":"eventBus"}}
{"__type":"$$EventMessageNode","id":"0236e0dd-a6ab-4dcc-b5ca-bea099bfdb3e","ts":"2025-09-22T12:54:02.334-04:00","eventName":"n8n.node.started","message":"n8n.node.started","payload":{"workflowId":"c120fCCuXalx2n7k","workflowName":"My workflow","executionId":"82","nodeType":"n8n-nodes-base.googleDrive","nodeName":"Upload file","nodeId":"45bc579c-52d8-475f-aaa2-2905df18e5d9"}}
{"__type":"$$EventMessageConfirm","confirm":"0236e0dd-a6ab-4dcc-b5ca-bea099bfdb3e","ts":"2025-09-22T12:54:02.334-04:00","source":{"id":"0","name":"eventBus"}}
{"__type":"$$EventMessageWorkflow","id":"36687239-3abe-45f7-8303-5953df0a409d","ts":"2025-09-22T12:54:02.502-04:00","eventName":"n8n.workflow.started","message":"n8n.workflow.started","payload":{"executionId":"83","workflowId":"c120fCCuXalx2n7k","isManual":false,"workflowName":"My workflow"}}
{"__type":"$$EventMessageConfirm","confirm":"36687239-3abe-45f7-8303-5953df0a409d","ts":"2025-09-22T12:54:02.502-04:00","source":{"id":"0","name":"eventBus"}}
{"__type":"$$EventMessageNode","id":"03687978-e295-4f79-b87e-e3be52ddbbcb","ts":"2025-09-22T12:54:02.502-04:00","eventName":"n8n.node.started","message":"n8n.node.started","payload":{"workflowId":"c120fCCuXalx2n7k","workflowName":"My workflow","executionId":"83","nodeType":"n8n-nodes-base.webhook","nodeName":"Webhook","nodeId":"50a304bf-b8f5-41a1-be7d-da5af2d325d4"}}
{"__type":"$$EventMessageConfirm","confirm":"03687978-e295-4f79-b87e-e3be52ddbbcb","ts":"2025-09-22T12:54:02.502-04:00","source":{"id":"0","name":"eventBus"}}
{"__type":"$$EventMessageNode","id":"07049ade-7c7b-4ea7-a177-6f18c9e03e97","ts":"2025-09-22T12:54:02.503-04:00","eventName":"n8n.node.finished","message":"n8n.node.finished","payload":{"workflowId":"c120fCCuXalx2n7k","workflowName":"My workflow","executionId":"83","nodeType":"n8n-nodes-base.webhook","nodeName":"Webhook","nodeId":"50a304bf-b8f5-41a1-be7d-da5af2d325d4"}}
{"__type":"$$EventMessageConfirm","confirm":"07049ade-7c7b-4ea7-a177-6f18c9e03e97","ts":"2025-09-22T12:54:02.503-04:00","source":{"id":"0","name":"eventBus"}}
{"__type":"$$EventMessageNode","id":"6c385bdb-f4c5-4a9c-9a44-cca3e72c4b76","ts":"2025-09-22T12:54:02.503-04:00","eventName":"n8n.node.started","message":"n8n.node.started","payload":{"workflowId":"c120fCCuXalx2n7k","workflowName":"My workflow","executionId":"83","nodeType":"n8n-nodes-base.googleDrive","nodeName":"Upload file","nodeId":"45bc579c-52d8-475f-aaa2-2905df18e5d9"}}
{"__type":"$$EventMessageConfirm","confirm":"6c385bdb-f4c5-4a9c-9a44-cca3e72c4b76","ts":"2025-09-22T12:54:02.503-04:00","source":{"id":"0","name":"eventBus"}}
{"__type":"$$EventMessageWorkflow","id":"3cd4720c-9425-4b1f-8ce2-b95d0df75f56","ts":"2025-09-22T12:54:02.732-04:00","eventName":"n8n.workflow.started","message":"n8n.workflow.started","payload":{"executionId":"84","workflowId":"c120fCCuXalx2n7k","isManual":false,"workflowName":"My workflow"}}
{"__type":"$$EventMessageConfirm","confirm":"3cd4720c-9425-4b1f-8ce2-b95d0df75f56","ts":"2025-09-22T12:54:02.733-04:00","source":{"id":"0","name":"eventBus"}}
{"__type":"$$EventMessageNode","id":"0a0dee30-3731-4564-9c8a-a48514640069","ts":"2025-09-22T12:54:02.733-04:00","eventName":"n8n.node.started","message":"n8n.node.started","payload":{"workflowId":"c120fCCuXalx2n7k","workflowName":"My workflow","executionId":"84","nodeType":"n8n-nodes-base.webhook","nodeName":"Webhook","nodeId":"50a304bf-b8f5-41a1-be7d-da5af2d325d4"}}
{"__type":"$$EventMessageConfirm","confirm":"0a0dee30-3731-4564-9c8a-a48514640069","ts":"2025-09-22T12:54:02.733-04:00","source":{"id":"0","name":"eventBus"}}
{"__type":"$$EventMessageNode","id":"3357a373-ba49-4510-8e41-c2bfef314981","ts":"2025-09-22T12:54:02.734-04:00","eventName":"n8n.node.finished","message":"n8n.node.finished","payload":{"workflowId":"c120fCCuXalx2n7k","workflowName":"My workflow","executionId":"84","nodeType":"n8n-nodes-base.webhook","nodeName":"Webhook","nodeId":"50a304bf-b8f5-41a1-be7d-da5af2d325d4"}}
{"__type":"$$EventMessageConfirm","confirm":"3357a373-ba49-4510-8e41-c2bfef314981","ts":"2025-09-22T12:54:02.734-04:00","source":{"id":"0","name":"eventBus"}}
{"__type":"$$EventMessageNode","id":"4476521d-b062-4d5d-8893-e61ea113e00e","ts":"2025-09-22T12:54:02.734-04:00","eventName":"n8n.node.started","message":"n8n.node.started","payload":{"workflowId":"c120fCCuXalx2n7k","workflowName":"My workflow","executionId":"84","nodeType":"n8n-nodes-base.googleDrive","nodeName":"Upload file","nodeId":"45bc579c-52d8-475f-aaa2-2905df18e5d9"}}
{"__type":"$$EventMessageConfirm","confirm":"4476521d-b062-4d5d-8893-e61ea113e00e","ts":"2025-09-22T12:54:02.735-04:00","source":{"id":"0","name":"eventBus"}}
{"__type":"$$EventMessageWorkflow","id":"767048c7-667d-465e-b4d6-fa33e6f16dfb","ts":"2025-09-22T12:54:02.963-04:00","eventName":"n8n.workflow.started","message":"n8n.workflow.started","payload":{"executionId":"85","workflowId":"c120fCCuXalx2n7k","isManual":false,"workflowName":"My workflow"}}
{"__type":"$$EventMessageConfirm","confirm":"767048c7-667d-465e-b4d6-fa33e6f16dfb","ts":"2025-09-22T12:54:02.963-04:00","source":{"id":"0","name":"eventBus"}}
{"__type":"$$EventMessageNode","id":"daa3c021-ee53-4f07-a977-205906e321bb","ts":"2025-09-22T12:54:02.964-04:00","eventName":"n8n.node.started","message":"n8n.node.started","payload":{"workflowId":"c120fCCuXalx2n7k","workflowName":"My workflow","executionId":"85","nodeType":"n8n-nodes-base.webhook","nodeName":"Webhook","nodeId":"50a304bf-b8f5-41a1-be7d-da5af2d325d4"}}
{"__type":"$$EventMessageConfirm","confirm":"daa3c021-ee53-4f07-a977-205906e321bb","ts":"2025-09-22T12:54:02.964-04:00","source":{"id":"0","name":"eventBus"}}
{"__type":"$$EventMessageNode","id":"ae8a7080-bf1e-4045-b6d1-b2439526d3f9","ts":"2025-09-22T12:54:02.964-04:00","eventName":"n8n.node.finished","message":"n8n.node.finished","payload":{"workflowId":"c120fCCuXalx2n7k","workflowName":"My workflow","executionId":"85","nodeType":"n8n-nodes-base.webhook","nodeName":"Webhook","nodeId":"50a304bf-b8f5-41a1-be7d-da5af2d325d4"}}
{"__type":"$$EventMessageConfirm","confirm":"ae8a7080-bf1e-4045-b6d1-b2439526d3f9","ts":"2025-09-22T12:54:02.964-04:00","source":{"id":"0","name":"eventBus"}}
{"__type":"$$EventMessageNode","id":"fed92330-f9f3-462b-8524-053755a83493","ts":"2025-09-22T12:54:02.964-04:00","eventName":"n8n.node.started","message":"n8n.node.started","payload":{"workflowId":"c120fCCuXalx2n7k","workflowName":"My workflow","executionId":"85","nodeType":"n8n-nodes-base.googleDrive","nodeName":"Upload file","nodeId":"45bc579c-52d8-475f-aaa2-2905df18e5d9"}}
{"__type":"$$EventMessageConfirm","confirm":"fed92330-f9f3-462b-8524-053755a83493","ts":"2025-09-22T12:54:02.964-04:00","source":{"id":"0","name":"eventBus"}}
{"__type":"$$EventMessageWorkflow","id":"aa2fe182-f362-4f9c-b2ad-8c3f60133b03","ts":"2025-09-22T12:54:03.150-04:00","eventName":"n8n.workflow.started","message":"n8n.workflow.started","payload":{"executionId":"86","workflowId":"c120fCCuXalx2n7k","isManual":false,"workflowName":"My workflow"}}
{"__type":"$$EventMessageConfirm","confirm":"aa2fe182-f362-4f9c-b2ad-8c3f60133b03","ts":"2025-09-22T12:54:03.150-04:00","source":{"id":"0","name":"eventBus"}}
{"__type":"$$EventMessageNode","id":"0ceaee8a-9234-48a7-b3db-9bea325d94f7","ts":"2025-09-22T12:54:03.150-04:00","eventName":"n8n.node.started","message":"n8n.node.started","payload":{"workflowId":"c120fCCuXalx2n7k","workflowName":"My workflow","executionId":"86","nodeType":"n8n-nodes-base.webhook","nodeName":"Webhook","nodeId":"50a304bf-b8f5-41a1-be7d-da5af2d325d4"}}
{"__type":"$$EventMessageConfirm","confirm":"0ceaee8a-9234-48a7-b3db-9bea325d94f7","ts":"2025-09-22T12:54:03.150-04:00","source":{"id":"0","name":"eventBus"}}
{"__type":"$$EventMessageNode","id":"101006fc-b64b-4fc2-95ef-4ec9d97ac38e","ts":"2025-09-22T12:54:03.150-04:00","eventName":"n8n.node.finished","message":"n8n.node.finished","payload":{"workflowId":"c120fCCuXalx2n7k","workflowName":"My workflow","executionId":"86","nodeType":"n8n-nodes-base.webhook","nodeName":"Webhook","nodeId":"50a304bf-b8f5-41a1-be7d-da5af2d325d4"}}
{"__type":"$$EventMessageConfirm","confirm":"101006fc-b64b-4fc2-95ef-4ec9d97ac38e","ts":"2025-09-22T12:54:03.151-04:00","source":{"id":"0","name":"eventBus"}}
{"__type":"$$EventMessageNode","id":"55c2dc5e-5267-45d4-adba-4227280c4ca3","ts":"2025-09-22T12:54:03.151-04:00","eventName":"n8n.node.started","message":"n8n.node.started","payload":{"workflowId":"c120fCCuXalx2n7k","workflowName":"My workflow","executionId":"86","nodeType":"n8n-nodes-base.googleDrive","nodeName":"Upload file","nodeId":"45bc579c-52d8-475f-aaa2-2905df18e5d9"}}
{"__type":"$$EventMessageConfirm","confirm":"55c2dc5e-5267-45d4-adba-4227280c4ca3","ts":"2025-09-22T12:54:03.151-04:00","source":{"id":"0","name":"eventBus"}}
{"__type":"$$EventMessageWorkflow","id":"1d8a369b-bfcf-45b6-924e-d8cb54232127","ts":"2025-09-22T12:54:03.320-04:00","eventName":"n8n.workflow.started","message":"n8n.workflow.started","payload":{"executionId":"87","workflowId":"c120fCCuXalx2n7k","isManual":false,"workflowName":"My workflow"}}
{"__type":"$$EventMessageConfirm","confirm":"1d8a369b-bfcf-45b6-924e-d8cb54232127","ts":"2025-09-22T12:54:03.320-04:00","source":{"id":"0","name":"eventBus"}}
{"__type":"$$EventMessageNode","id":"dddcf4e0-7949-429e-b70d-50827721887c","ts":"2025-09-22T12:54:03.320-04:00","eventName":"n8n.node.started","message":"n8n.node.started","payload":{"workflowId":"c120fCCuXalx2n7k","workflowName":"My workflow","executionId":"87","nodeType":"n8n-nodes-base.webhook","nodeName":"Webhook","nodeId":"50a304bf-b8f5-41a1-be7d-da5af2d325d4"}}
{"__type":"$$EventMessageConfirm","confirm":"dddcf4e0-7949-429e-b70d-50827721887c","ts":"2025-09-22T12:54:03.320-04:00","source":{"id":"0","name":"eventBus"}}
{"__type":"$$EventMessageNode","id":"49bc90a1-c0d8-4e91-a08c-5002a6078ded","ts":"2025-09-22T12:54:03.321-04:00","eventName":"n8n.node.finished","message":"n8n.node.finished","payload":{"workflowId":"c120fCCuXalx2n7k","workflowName":"My workflow","executionId":"87","nodeType":"n8n-nodes-base.webhook","nodeName":"Webhook","nodeId":"50a304bf-b8f5-41a1-be7d-da5af2d325d4"}}
{"__type":"$$EventMessageConfirm","confirm":"49bc90a1-c0d8-4e91-a08c-5002a6078ded","ts":"2025-09-22T12:54:03.321-04:00","source":{"id":"0","name":"eventBus"}}
{"__type":"$$EventMessageNode","id":"2ad2a172-84f2-40d5-979f-987657004e07","ts":"2025-09-22T12:54:03.321-04:00","eventName":"n8n.node.started","message":"n8n.node.started","payload":{"workflowId":"c120fCCuXalx2n7k","workflowName":"My workflow","executionId":"87","nodeType":"n8n-nodes-base.googleDrive","nodeName":"Upload file","nodeId":"45bc579c-52d8-475f-aaa2-2905df18e5d9"}}
{"__type":"$$EventMessageConfirm","confirm":"2ad2a172-84f2-40d5-979f-987657004e07","ts":"2025-09-22T12:54:03.321-04:00","source":{"id":"0","name":"eventBus"}}
{"__type":"$$EventMessageWorkflow","id":"eb29a5a2-a973-487a-8238-201a7dfcb6e0","ts":"2025-09-22T12:54:03.496-04:00","eventName":"n8n.workflow.started","message":"n8n.workflow.started","payload":{"executionId":"88","workflowId":"c120fCCuXalx2n7k","isManual":false,"workflowName":"My workflow"}}
{"__type":"$$EventMessageConfirm","confirm":"eb29a5a2-a973-487a-8238-201a7dfcb6e0","ts":"2025-09-22T12:54:03.496-04:00","source":{"id":"0","name":"eventBus"}}
{"__type":"$$EventMessageNode","id":"74a6731a-6ad9-4bf2-a4d8-5bef67dc4010","ts":"2025-09-22T12:54:03.496-04:00","eventName":"n8n.node.started","message":"n8n.node.started","payload":{"workflowId":"c120fCCuXalx2n7k","workflowName":"My workflow","executionId":"88","nodeType":"n8n-nodes-base.webhook","nodeName":"Webhook","nodeId":"50a304bf-b8f5-41a1-be7d-da5af2d325d4"}}
{"__type":"$$EventMessageConfirm","confirm":"74a6731a-6ad9-4bf2-a4d8-5bef67dc4010","ts":"2025-09-22T12:54:03.496-04:00","source":{"id":"0","name":"eventBus"}}
{"__type":"$$EventMessageNode","id":"5e91f7b8-b3f1-4b6d-a864-b166fd5aab7f","ts":"2025-09-22T12:54:03.497-04:00","eventName":"n8n.node.finished","message":"n8n.node.finished","payload":{"workflowId":"c120fCCuXalx2n7k","workflowName":"My workflow","executionId":"88","nodeType":"n8n-nodes-base.webhook","nodeName":"Webhook","nodeId":"50a304bf-b8f5-41a1-be7d-da5af2d325d4"}}
{"__type":"$$EventMessageConfirm","confirm":"5e91f7b8-b3f1-4b6d-a864-b166fd5aab7f","ts":"2025-09-22T12:54:03.497-04:00","source":{"id":"0","name":"eventBus"}}
{"__type":"$$EventMessageNode","id":"6ca1b44e-9b3d-48ac-805f-ad69efcd2ed5","ts":"2025-09-22T12:54:03.498-04:00","eventName":"n8n.node.started","message":"n8n.node.started","payload":{"workflowId":"c120fCCuXalx2n7k","workflowName":"My workflow","executionId":"88","nodeType":"n8n-nodes-base.googleDrive","nodeName":"Upload file","nodeId":"45bc579c-52d8-475f-aaa2-2905df18e5d9"}}
{"__type":"$$EventMessageConfirm","confirm":"6ca1b44e-9b3d-48ac-805f-ad69efcd2ed5","ts":"2025-09-22T12:54:03.498-04:00","source":{"id":"0","name":"eventBus"}}
{"__type":"$$EventMessageWorkflow","id":"64840b2f-87a5-477d-a718-0b46efa19aa0","ts":"2025-09-22T12:54:03.711-04:00","eventName":"n8n.workflow.started","message":"n8n.workflow.started","payload":{"executionId":"89","workflowId":"c120fCCuXalx2n7k","isManual":false,"workflowName":"My workflow"}}
{"__type":"$$EventMessageConfirm","confirm":"64840b2f-87a5-477d-a718-0b46efa19aa0","ts":"2025-09-22T12:54:03.711-04:00","source":{"id":"0","name":"eventBus"}}
{"__type":"$$EventMessageNode","id":"3049cc55-243c-4d74-9771-3742578a0730","ts":"2025-09-22T12:54:03.711-04:00","eventName":"n8n.node.started","message":"n8n.node.started","payload":{"workflowId":"c120fCCuXalx2n7k","workflowName":"My workflow","executionId":"89","nodeType":"n8n-nodes-base.webhook","nodeName":"Webhook","nodeId":"50a304bf-b8f5-41a1-be7d-da5af2d325d4"}}
{"__type":"$$EventMessageConfirm","confirm":"3049cc55-243c-4d74-9771-3742578a0730","ts":"2025-09-22T12:54:03.712-04:00","source":{"id":"0","name":"eventBus"}}
{"__type":"$$EventMessageNode","id":"a37c0111-1884-4eb2-a52a-e5132595f224","ts":"2025-09-22T12:54:03.712-04:00","eventName":"n8n.node.finished","message":"n8n.node.finished","payload":{"workflowId":"c120fCCuXalx2n7k","workflowName":"My workflow","executionId":"89","nodeType":"n8n-nodes-base.webhook","nodeName":"Webhook","nodeId":"50a304bf-b8f5-41a1-be7d-da5af2d325d4"}}
{"__type":"$$EventMessageConfirm","confirm":"a37c0111-1884-4eb2-a52a-e5132595f224","ts":"2025-09-22T12:54:03.712-04:00","source":{"id":"0","name":"eventBus"}}
{"__type":"$$EventMessageNode","id":"96b86c8b-ec16-4bc6-a132-669398596730","ts":"2025-09-22T12:54:03.712-04:00","eventName":"n8n.node.started","message":"n8n.node.started","payload":{"workflowId":"c120fCCuXalx2n7k","workflowName":"My workflow","executionId":"89","nodeType":"n8n-nodes-base.googleDrive","nodeName":"Upload file","nodeId":"45bc579c-52d8-475f-aaa2-2905df18e5d9"}}
{"__type":"$$EventMessageConfirm","confirm":"96b86c8b-ec16-4bc6-a132-669398596730","ts":"2025-09-22T12:54:03.712-04:00","source":{"id":"0","name":"eventBus"}}
{"__type":"$$EventMessageWorkflow","id":"b3909d77-4f0d-43d6-882d-fa2f826c7d75","ts":"2025-09-22T12:54:03.922-04:00","eventName":"n8n.workflow.started","message":"n8n.workflow.started","payload":{"executionId":"90","workflowId":"c120fCCuXalx2n7k","isManual":false,"workflowName":"My workflow"}}
{"__type":"$$EventMessageConfirm","confirm":"b3909d77-4f0d-43d6-882d-fa2f826c7d75","ts":"2025-09-22T12:54:03.922-04:00","source":{"id":"0","name":"eventBus"}}
{"__type":"$$EventMessageNode","id":"da4891ce-8779-4c81-b4b8-c0aff2a2a3ad","ts":"2025-09-22T12:54:03.922-04:00","eventName":"n8n.node.started","message":"n8n.node.started","payload":{"workflowId":"c120fCCuXalx2n7k","workflowName":"My workflow","executionId":"90","nodeType":"n8n-nodes-base.webhook","nodeName":"Webhook","nodeId":"50a304bf-b8f5-41a1-be7d-da5af2d325d4"}}
{"__type":"$$EventMessageConfirm","confirm":"da4891ce-8779-4c81-b4b8-c0aff2a2a3ad","ts":"2025-09-22T12:54:03.922-04:00","source":{"id":"0","name":"eventBus"}}
{"__type":"$$EventMessageNode","id":"b0adda12-c31c-4d24-89fd-c649f189c2da","ts":"2025-09-22T12:54:03.923-04:00","eventName":"n8n.node.finished","message":"n8n.node.finished","payload":{"workflowId":"c120fCCuXalx2n7k","workflowName":"My workflow","executionId":"90","nodeType":"n8n-nodes-base.webhook","nodeName":"Webhook","nodeId":"50a304bf-b8f5-41a1-be7d-da5af2d325d4"}}
{"__type":"$$EventMessageConfirm","confirm":"b0adda12-c31c-4d24-89fd-c649f189c2da","ts":"2025-09-22T12:54:03.923-04:00","source":{"id":"0","name":"eventBus"}}
{"__type":"$$EventMessageNode","id":"954e01cc-b3e5-4aac-aff6-ee0c4966d47a","ts":"2025-09-22T12:54:03.923-04:00","eventName":"n8n.node.started","message":"n8n.node.started","payload":{"workflowId":"c120fCCuXalx2n7k","workflowName":"My workflow","executionId":"90","nodeType":"n8n-nodes-base.googleDrive","nodeName":"Upload file","nodeId":"45bc579c-52d8-475f-aaa2-2905df18e5d9"}}
{"__type":"$$EventMessageConfirm","confirm":"954e01cc-b3e5-4aac-aff6-ee0c4966d47a","ts":"2025-09-22T12:54:03.923-04:00","source":{"id":"0","name":"eventBus"}}
{"__type":"$$EventMessageNode","id":"818bf765-1631-417e-aacb-2b3c5f65c546","ts":"2025-09-22T12:54:13.966-04:00","eventName":"n8n.node.finished","message":"n8n.node.finished","payload":{"workflowId":"c120fCCuXalx2n7k","workflowName":"My workflow","executionId":"76","nodeType":"n8n-nodes-base.googleDrive","nodeName":"Upload file","nodeId":"45bc579c-52d8-475f-aaa2-2905df18e5d9"}}
{"__type":"$$EventMessageConfirm","confirm":"818bf765-1631-417e-aacb-2b3c5f65c546","ts":"2025-09-22T12:54:13.967-04:00","source":{"id":"0","name":"eventBus"}}
{"__type":"$$EventMessageWorkflow","id":"c0a108e3-afef-401c-a8c2-b39ad5cbf2f2","ts":"2025-09-22T12:54:13.968-04:00","eventName":"n8n.workflow.success","message":"n8n.workflow.success","payload":{"executionId":"76","success":true,"isManual":false,"workflowId":"c120fCCuXalx2n7k","workflowName":"My workflow"}}
{"__type":"$$EventMessageConfirm","confirm":"c0a108e3-afef-401c-a8c2-b39ad5cbf2f2","ts":"2025-09-22T12:54:13.969-04:00","source":{"id":"0","name":"eventBus"}}
{"__type":"$$EventMessageNode","id":"eef35398-a91f-4b3c-a03d-3b75546bc4b8","ts":"2025-09-22T12:54:17.597-04:00","eventName":"n8n.node.finished","message":"n8n.node.finished","payload":{"workflowId":"c120fCCuXalx2n7k","workflowName":"My workflow","executionId":"88","nodeType":"n8n-nodes-base.googleDrive","nodeName":"Upload file","nodeId":"45bc579c-52d8-475f-aaa2-2905df18e5d9"}}
{"__type":"$$EventMessageConfirm","confirm":"eef35398-a91f-4b3c-a03d-3b75546bc4b8","ts":"2025-09-22T12:54:17.598-04:00","source":{"id":"0","name":"eventBus"}}
{"__type":"$$EventMessageWorkflow","id":"8a766318-5942-4da5-abf5-dc28ea370c12","ts":"2025-09-22T12:54:17.598-04:00","eventName":"n8n.workflow.success","message":"n8n.workflow.success","payload":{"executionId":"88","success":true,"isManual":false,"workflowId":"c120fCCuXalx2n7k","workflowName":"My workflow"}}
{"__type":"$$EventMessageConfirm","confirm":"8a766318-5942-4da5-abf5-dc28ea370c12","ts":"2025-09-22T12:54:17.598-04:00","source":{"id":"0","name":"eventBus"}}
{"__type":"$$EventMessageNode","id":"9a52f133-171b-4ca1-b926-55968dccb8ac","ts":"2025-09-22T12:54:17.650-04:00","eventName":"n8n.node.finished","message":"n8n.node.finished","payload":{"workflowId":"c120fCCuXalx2n7k","workflowName":"My workflow","executionId":"78","nodeType":"n8n-nodes-base.googleDrive","nodeName":"Upload file","nodeId":"45bc579c-52d8-475f-aaa2-2905df18e5d9"}}
{"__type":"$$EventMessageConfirm","confirm":"9a52f133-171b-4ca1-b926-55968dccb8ac","ts":"2025-09-22T12:54:17.650-04:00","source":{"id":"0","name":"eventBus"}}
{"__type":"$$EventMessageWorkflow","id":"a22d618a-bb6e-4129-b8eb-1ce7a74c0b27","ts":"2025-09-22T12:54:17.651-04:00","eventName":"n8n.workflow.success","message":"n8n.workflow.success","payload":{"executionId":"78","success":true,"isManual":false,"workflowId":"c120fCCuXalx2n7k","workflowName":"My workflow"}}
{"__type":"$$EventMessageConfirm","confirm":"a22d618a-bb6e-4129-b8eb-1ce7a74c0b27","ts":"2025-09-22T12:54:17.651-04:00","source":{"id":"0","name":"eventBus"}}
{"__type":"$$EventMessageNode","id":"c071a1de-87ab-4e2c-966d-6c765d3e749b","ts":"2025-09-22T12:54:17.670-04:00","eventName":"n8n.node.finished","message":"n8n.node.finished","payload":{"workflowId":"c120fCCuXalx2n7k","workflowName":"My workflow","executionId":"77","nodeType":"n8n-nodes-base.googleDrive","nodeName":"Upload file","nodeId":"45bc579c-52d8-475f-aaa2-2905df18e5d9"}}
{"__type":"$$EventMessageConfirm","confirm":"c071a1de-87ab-4e2c-966d-6c765d3e749b","ts":"2025-09-22T12:54:17.670-04:00","source":{"id":"0","name":"eventBus"}}
{"__type":"$$EventMessageWorkflow","id":"f9f450ea-2480-44b3-b9e7-7cc4b2562e17","ts":"2025-09-22T12:54:17.670-04:00","eventName":"n8n.workflow.success","message":"n8n.workflow.success","payload":{"executionId":"77","success":true,"isManual":false,"workflowId":"c120fCCuXalx2n7k","workflowName":"My workflow"}}
{"__type":"$$EventMessageConfirm","confirm":"f9f450ea-2480-44b3-b9e7-7cc4b2562e17","ts":"2025-09-22T12:54:17.670-04:00","source":{"id":"0","name":"eventBus"}}
{"__type":"$$EventMessageNode","id":"d69047e4-3fa6-49c6-8a21-68e3cbdea606","ts":"2025-09-22T12:54:18.201-04:00","eventName":"n8n.node.finished","message":"n8n.node.finished","payload":{"workflowId":"c120fCCuXalx2n7k","workflowName":"My workflow","executionId":"81","nodeType":"n8n-nodes-base.googleDrive","nodeName":"Upload file","nodeId":"45bc579c-52d8-475f-aaa2-2905df18e5d9"}}
{"__type":"$$EventMessageConfirm","confirm":"d69047e4-3fa6-49c6-8a21-68e3cbdea606","ts":"2025-09-22T12:54:18.201-04:00","source":{"id":"0","name":"eventBus"}}
{"__type":"$$EventMessageWorkflow","id":"b9420c35-2f0b-4434-b7d6-2653e83fffdd","ts":"2025-09-22T12:54:18.201-04:00","eventName":"n8n.workflow.success","message":"n8n.workflow.success","payload":{"executionId":"81","success":true,"isManual":false,"workflowId":"c120fCCuXalx2n7k","workflowName":"My workflow"}}
{"__type":"$$EventMessageConfirm","confirm":"b9420c35-2f0b-4434-b7d6-2653e83fffdd","ts":"2025-09-22T12:54:18.201-04:00","source":{"id":"0","name":"eventBus"}}
{"__type":"$$EventMessageNode","id":"fb5bb7f8-0032-4bce-860c-ac4c7820c9e7","ts":"2025-09-22T12:54:18.281-04:00","eventName":"n8n.node.finished","message":"n8n.node.finished","payload":{"workflowId":"c120fCCuXalx2n7k","workflowName":"My workflow","executionId":"85","nodeType":"n8n-nodes-base.googleDrive","nodeName":"Upload file","nodeId":"45bc579c-52d8-475f-aaa2-2905df18e5d9"}}
{"__type":"$$EventMessageConfirm","confirm":"fb5bb7f8-0032-4bce-860c-ac4c7820c9e7","ts":"2025-09-22T12:54:18.281-04:00","source":{"id":"0","name":"eventBus"}}
{"__type":"$$EventMessageWorkflow","id":"bb17c560-b2a0-4c33-9cea-ef11ec527301","ts":"2025-09-22T12:54:18.281-04:00","eventName":"n8n.workflow.success","message":"n8n.workflow.success","payload":{"executionId":"85","success":true,"isManual":false,"workflowId":"c120fCCuXalx2n7k","workflowName":"My workflow"}}
{"__type":"$$EventMessageConfirm","confirm":"bb17c560-b2a0-4c33-9cea-ef11ec527301","ts":"2025-09-22T12:54:18.281-04:00","source":{"id":"0","name":"eventBus"}}
{"__type":"$$EventMessageNode","id":"e6e14d75-0231-4b15-9e68-0f1ff8f42e46","ts":"2025-09-22T12:54:18.290-04:00","eventName":"n8n.node.finished","message":"n8n.node.finished","payload":{"workflowId":"c120fCCuXalx2n7k","workflowName":"My workflow","executionId":"83","nodeType":"n8n-nodes-base.googleDrive","nodeName":"Upload file","nodeId":"45bc579c-52d8-475f-aaa2-2905df18e5d9"}}
{"__type":"$$EventMessageConfirm","confirm":"e6e14d75-0231-4b15-9e68-0f1ff8f42e46","ts":"2025-09-22T12:54:18.290-04:00","source":{"id":"0","name":"eventBus"}}
{"__type":"$$EventMessageWorkflow","id":"64c19cdd-8ac8-44f2-bfeb-73045c1604fe","ts":"2025-09-22T12:54:18.290-04:00","eventName":"n8n.workflow.success","message":"n8n.workflow.success","payload":{"executionId":"83","success":true,"isManual":false,"workflowId":"c120fCCuXalx2n7k","workflowName":"My workflow"}}
{"__type":"$$EventMessageConfirm","confirm":"64c19cdd-8ac8-44f2-bfeb-73045c1604fe","ts":"2025-09-22T12:54:18.290-04:00","source":{"id":"0","name":"eventBus"}}
{"__type":"$$EventMessageNode","id":"928cd9c7-7634-44a6-8d17-7a34061971a0","ts":"2025-09-22T12:54:18.365-04:00","eventName":"n8n.node.finished","message":"n8n.node.finished","payload":{"workflowId":"c120fCCuXalx2n7k","workflowName":"My workflow","executionId":"80","nodeType":"n8n-nodes-base.googleDrive","nodeName":"Upload file","nodeId":"45bc579c-52d8-475f-aaa2-2905df18e5d9"}}
{"__type":"$$EventMessageConfirm","confirm":"928cd9c7-7634-44a6-8d17-7a34061971a0","ts":"2025-09-22T12:54:18.365-04:00","source":{"id":"0","name":"eventBus"}}
{"__type":"$$EventMessageWorkflow","id":"20483017-6239-4a40-9fe6-84a5eb3da4a9","ts":"2025-09-22T12:54:18.366-04:00","eventName":"n8n.workflow.success","message":"n8n.workflow.success","payload":{"executionId":"80","success":true,"isManual":false,"workflowId":"c120fCCuXalx2n7k","workflowName":"My workflow"}}
{"__type":"$$EventMessageConfirm","confirm":"20483017-6239-4a40-9fe6-84a5eb3da4a9","ts":"2025-09-22T12:54:18.366-04:00","source":{"id":"0","name":"eventBus"}}
{"__type":"$$EventMessageNode","id":"ba69abf2-717f-4479-a4a6-96dc5db8b50c","ts":"2025-09-22T12:54:18.518-04:00","eventName":"n8n.node.finished","message":"n8n.node.finished","payload":{"workflowId":"c120fCCuXalx2n7k","workflowName":"My workflow","executionId":"75","nodeType":"n8n-nodes-base.googleDrive","nodeName":"Upload file","nodeId":"45bc579c-52d8-475f-aaa2-2905df18e5d9"}}
{"__type":"$$EventMessageConfirm","confirm":"ba69abf2-717f-4479-a4a6-96dc5db8b50c","ts":"2025-09-22T12:54:18.519-04:00","source":{"id":"0","name":"eventBus"}}
{"__type":"$$EventMessageWorkflow","id":"cabe42fb-6375-48b6-9eb8-ce227f16d7eb","ts":"2025-09-22T12:54:18.520-04:00","eventName":"n8n.workflow.success","message":"n8n.workflow.success","payload":{"executionId":"75","success":true,"isManual":false,"workflowId":"c120fCCuXalx2n7k","workflowName":"My workflow"}}
{"__type":"$$EventMessageConfirm","confirm":"cabe42fb-6375-48b6-9eb8-ce227f16d7eb","ts":"2025-09-22T12:54:18.520-04:00","source":{"id":"0","name":"eventBus"}}
{"__type":"$$EventMessageNode","id":"a90a91b3-d3c7-47ca-926c-c1243b313452","ts":"2025-09-22T12:54:18.569-04:00","eventName":"n8n.node.finished","message":"n8n.node.finished","payload":{"workflowId":"c120fCCuXalx2n7k","workflowName":"My workflow","executionId":"84","nodeType":"n8n-nodes-base.googleDrive","nodeName":"Upload file","nodeId":"45bc579c-52d8-475f-aaa2-2905df18e5d9"}}
{"__type":"$$EventMessageConfirm","confirm":"a90a91b3-d3c7-47ca-926c-c1243b313452","ts":"2025-09-22T12:54:18.569-04:00","source":{"id":"0","name":"eventBus"}}
{"__type":"$$EventMessageWorkflow","id":"8ca80def-0243-45b0-bec7-4c6bb8dfce00","ts":"2025-09-22T12:54:18.569-04:00","eventName":"n8n.workflow.success","message":"n8n.workflow.success","payload":{"executionId":"84","success":true,"isManual":false,"workflowId":"c120fCCuXalx2n7k","workflowName":"My workflow"}}
{"__type":"$$EventMessageConfirm","confirm":"8ca80def-0243-45b0-bec7-4c6bb8dfce00","ts":"2025-09-22T12:54:18.569-04:00","source":{"id":"0","name":"eventBus"}}
{"__type":"$$EventMessageNode","id":"bae56018-2403-41e7-86f8-9309d12ca85f","ts":"2025-09-22T12:54:18.681-04:00","eventName":"n8n.node.finished","message":"n8n.node.finished","payload":{"workflowId":"c120fCCuXalx2n7k","workflowName":"My workflow","executionId":"79","nodeType":"n8n-nodes-base.googleDrive","nodeName":"Upload file","nodeId":"45bc579c-52d8-475f-aaa2-2905df18e5d9"}}
{"__type":"$$EventMessageConfirm","confirm":"bae56018-2403-41e7-86f8-9309d12ca85f","ts":"2025-09-22T12:54:18.682-04:00","source":{"id":"0","name":"eventBus"}}
{"__type":"$$EventMessageWorkflow","id":"bc56e76c-423a-4c2d-a3fc-e8a7ed2672bd","ts":"2025-09-22T12:54:18.683-04:00","eventName":"n8n.workflow.success","message":"n8n.workflow.success","payload":{"executionId":"79","success":true,"isManual":false,"workflowId":"c120fCCuXalx2n7k","workflowName":"My workflow"}}
{"__type":"$$EventMessageConfirm","confirm":"bc56e76c-423a-4c2d-a3fc-e8a7ed2672bd","ts":"2025-09-22T12:54:18.684-04:00","source":{"id":"0","name":"eventBus"}}
{"__type":"$$EventMessageNode","id":"e88dac50-fb6a-44e9-ab1d-8b5df72040d5","ts":"2025-09-22T12:54:18.923-04:00","eventName":"n8n.node.finished","message":"n8n.node.finished","payload":{"workflowId":"c120fCCuXalx2n7k","workflowName":"My workflow","executionId":"89","nodeType":"n8n-nodes-base.googleDrive","nodeName":"Upload file","nodeId":"45bc579c-52d8-475f-aaa2-2905df18e5d9"}}
{"__type":"$$EventMessageConfirm","confirm":"e88dac50-fb6a-44e9-ab1d-8b5df72040d5","ts":"2025-09-22T12:54:18.923-04:00","source":{"id":"0","name":"eventBus"}}
{"__type":"$$EventMessageWorkflow","id":"bb17799e-29e3-4180-95e6-d44f446f82cd","ts":"2025-09-22T12:54:18.925-04:00","eventName":"n8n.workflow.success","message":"n8n.workflow.success","payload":{"executionId":"89","success":true,"isManual":false,"workflowId":"c120fCCuXalx2n7k","workflowName":"My workflow"}}
{"__type":"$$EventMessageConfirm","confirm":"bb17799e-29e3-4180-95e6-d44f446f82cd","ts":"2025-09-22T12:54:18.925-04:00","source":{"id":"0","name":"eventBus"}}
{"__type":"$$EventMessageNode","id":"a53c45de-7a68-4cdf-8a31-f92d47979795","ts":"2025-09-22T12:54:19.285-04:00","eventName":"n8n.node.finished","message":"n8n.node.finished","payload":{"workflowId":"c120fCCuXalx2n7k","workflowName":"My workflow","executionId":"90","nodeType":"n8n-nodes-base.googleDrive","nodeName":"Upload file","nodeId":"45bc579c-52d8-475f-aaa2-2905df18e5d9"}}
{"__type":"$$EventMessageConfirm","confirm":"a53c45de-7a68-4cdf-8a31-f92d47979795","ts":"2025-09-22T12:54:19.286-04:00","source":{"id":"0","name":"eventBus"}}
{"__type":"$$EventMessageWorkflow","id":"02268f62-774f-47da-98d9-6a53c460d61a","ts":"2025-09-22T12:54:19.286-04:00","eventName":"n8n.workflow.success","message":"n8n.workflow.success","payload":{"executionId":"90","success":true,"isManual":false,"workflowId":"c120fCCuXalx2n7k","workflowName":"My workflow"}}
{"__type":"$$EventMessageConfirm","confirm":"02268f62-774f-47da-98d9-6a53c460d61a","ts":"2025-09-22T12:54:19.286-04:00","source":{"id":"0","name":"eventBus"}}
{"__type":"$$EventMessageNode","id":"4efd2679-41f9-477d-bb8f-0898c69f57b9","ts":"2025-09-22T12:54:19.808-04:00","eventName":"n8n.node.finished","message":"n8n.node.finished","payload":{"workflowId":"c120fCCuXalx2n7k","workflowName":"My workflow","executionId":"86","nodeType":"n8n-nodes-base.googleDrive","nodeName":"Upload file","nodeId":"45bc579c-52d8-475f-aaa2-2905df18e5d9"}}
{"__type":"$$EventMessageConfirm","confirm":"4efd2679-41f9-477d-bb8f-0898c69f57b9","ts":"2025-09-22T12:54:19.808-04:00","source":{"id":"0","name":"eventBus"}}
{"__type":"$$EventMessageWorkflow","id":"ab9bd27a-1697-42b4-be35-317e132d7396","ts":"2025-09-22T12:54:19.809-04:00","eventName":"n8n.workflow.success","message":"n8n.workflow.success","payload":{"executionId":"86","success":true,"isManual":false,"workflowId":"c120fCCuXalx2n7k","workflowName":"My workflow"}}
{"__type":"$$EventMessageConfirm","confirm":"ab9bd27a-1697-42b4-be35-317e132d7396","ts":"2025-09-22T12:54:19.809-04:00","source":{"id":"0","name":"eventBus"}}
{"__type":"$$EventMessageNode","id":"6b656752-2ce4-4f73-95c1-f1fd13e11a74","ts":"2025-09-22T12:54:20.064-04:00","eventName":"n8n.node.finished","message":"n8n.node.finished","payload":{"workflowId":"c120fCCuXalx2n7k","workflowName":"My workflow","executionId":"87","nodeType":"n8n-nodes-base.googleDrive","nodeName":"Upload file","nodeId":"45bc579c-52d8-475f-aaa2-2905df18e5d9"}}
{"__type":"$$EventMessageConfirm","confirm":"6b656752-2ce4-4f73-95c1-f1fd13e11a74","ts":"2025-09-22T12:54:20.064-04:00","source":{"id":"0","name":"eventBus"}}
{"__type":"$$EventMessageWorkflow","id":"88806f9c-4ec8-48c2-a0e3-c7e00f6a1188","ts":"2025-09-22T12:54:20.065-04:00","eventName":"n8n.workflow.success","message":"n8n.workflow.success","payload":{"executionId":"87","success":true,"isManual":false,"workflowId":"c120fCCuXalx2n7k","workflowName":"My workflow"}}
{"__type":"$$EventMessageConfirm","confirm":"88806f9c-4ec8-48c2-a0e3-c7e00f6a1188","ts":"2025-09-22T12:54:20.065-04:00","source":{"id":"0","name":"eventBus"}}
{"__type":"$$EventMessageNode","id":"f032a5e0-facd-48ec-bd2e-db7048030ca3","ts":"2025-09-22T12:54:20.075-04:00","eventName":"n8n.node.finished","message":"n8n.node.finished","payload":{"workflowId":"c120fCCuXalx2n7k","workflowName":"My workflow","executionId":"82","nodeType":"n8n-nodes-base.googleDrive","nodeName":"Upload file","nodeId":"45bc579c-52d8-475f-aaa2-2905df18e5d9"}}
{"__type":"$$EventMessageConfirm","confirm":"f032a5e0-facd-48ec-bd2e-db7048030ca3","ts":"2025-09-22T12:54:20.075-04:00","source":{"id":"0","name":"eventBus"}}
{"__type":"$$EventMessageWorkflow","id":"6b342256-c9a0-4106-bf69-a6ddc0fff65f","ts":"2025-09-22T12:54:20.075-04:00","eventName":"n8n.workflow.success","message":"n8n.workflow.success","payload":{"executionId":"82","success":true,"isManual":false,"workflowId":"c120fCCuXalx2n7k","workflowName":"My workflow"}}
{"__type":"$$EventMessageConfirm","confirm":"6b342256-c9a0-4106-bf69-a6ddc0fff65f","ts":"2025-09-22T12:54:20.075-04:00","source":{"id":"0","name":"eventBus"}}
{"__type":"$$EventMessageWorkflow","id":"ab7597a1-29f5-40f4-bb19-50e3aa74713b","ts":"2025-09-22T12:56:05.685-04:00","eventName":"n8n.workflow.started","message":"n8n.workflow.started","payload":{"executionId":"91","workflowId":"c120fCCuXalx2n7k","isManual":false,"workflowName":"My workflow"}}
{"__type":"$$EventMessageConfirm","confirm":"ab7597a1-29f5-40f4-bb19-50e3aa74713b","ts":"2025-09-22T12:56:05.685-04:00","source":{"id":"0","name":"eventBus"}}
{"__type":"$$EventMessageNode","id":"9a9b7c97-27d3-409a-8d9f-820fb8773f13","ts":"2025-09-22T12:56:05.689-04:00","eventName":"n8n.node.started","message":"n8n.node.started","payload":{"workflowId":"c120fCCuXalx2n7k","workflowName":"My workflow","executionId":"91","nodeType":"n8n-nodes-base.webhook","nodeName":"Webhook","nodeId":"50a304bf-b8f5-41a1-be7d-da5af2d325d4"}}
{"__type":"$$EventMessageConfirm","confirm":"9a9b7c97-27d3-409a-8d9f-820fb8773f13","ts":"2025-09-22T12:56:05.689-04:00","source":{"id":"0","name":"eventBus"}}
{"__type":"$$EventMessageNode","id":"7f36bf53-03f5-4a8f-b47b-9443ae8cc2d7","ts":"2025-09-22T12:56:05.691-04:00","eventName":"n8n.node.finished","message":"n8n.node.finished","payload":{"workflowId":"c120fCCuXalx2n7k","workflowName":"My workflow","executionId":"91","nodeType":"n8n-nodes-base.webhook","nodeName":"Webhook","nodeId":"50a304bf-b8f5-41a1-be7d-da5af2d325d4"}}
{"__type":"$$EventMessageConfirm","confirm":"7f36bf53-03f5-4a8f-b47b-9443ae8cc2d7","ts":"2025-09-22T12:56:05.691-04:00","source":{"id":"0","name":"eventBus"}}
{"__type":"$$EventMessageWorkflow","id":"4b42ed86-7723-4ced-8647-13340961d536","ts":"2025-09-22T12:56:05.702-04:00","eventName":"n8n.workflow.success","message":"n8n.workflow.success","payload":{"executionId":"91","success":true,"isManual":true,"workflowId":"c120fCCuXalx2n7k","workflowName":"My workflow"}}
{"__type":"$$EventMessageConfirm","confirm":"4b42ed86-7723-4ced-8647-13340961d536","ts":"2025-09-22T12:56:05.702-04:00","source":{"id":"0","name":"eventBus"}}
{"__type":"$$EventMessageWorkflow","id":"816482de-5eda-4fd8-a4d8-64ad665f8f94","ts":"2025-09-22T12:56:33.354-04:00","eventName":"n8n.workflow.started","message":"n8n.workflow.started","payload":{"executionId":"92","workflowId":"c120fCCuXalx2n7k","isManual":false,"workflowName":"My workflow"}}
{"__type":"$$EventMessageConfirm","confirm":"816482de-5eda-4fd8-a4d8-64ad665f8f94","ts":"2025-09-22T12:56:33.355-04:00","source":{"id":"0","name":"eventBus"}}
{"__type":"$$EventMessageNode","id":"154c64ca-b7fe-43d2-af8e-aca7685913bd","ts":"2025-09-22T12:56:33.361-04:00","eventName":"n8n.node.started","message":"n8n.node.started","payload":{"workflowId":"c120fCCuXalx2n7k","workflowName":"My workflow","executionId":"92","nodeType":"n8n-nodes-base.googleDrive","nodeName":"Upload file","nodeId":"45bc579c-52d8-475f-aaa2-2905df18e5d9"}}
{"__type":"$$EventMessageConfirm","confirm":"154c64ca-b7fe-43d2-af8e-aca7685913bd","ts":"2025-09-22T12:56:33.361-04:00","source":{"id":"0","name":"eventBus"}}
{"__type":"$$EventMessageNode","id":"e6a7fd35-8d39-4a14-bdc4-5f3425df4f2a","ts":"2025-09-22T12:56:35.979-04:00","eventName":"n8n.node.finished","message":"n8n.node.finished","payload":{"workflowId":"c120fCCuXalx2n7k","workflowName":"My workflow","executionId":"92","nodeType":"n8n-nodes-base.googleDrive","nodeName":"Upload file","nodeId":"45bc579c-52d8-475f-aaa2-2905df18e5d9"}}
{"__type":"$$EventMessageConfirm","confirm":"e6a7fd35-8d39-4a14-bdc4-5f3425df4f2a","ts":"2025-09-22T12:56:35.979-04:00","source":{"id":"0","name":"eventBus"}}
{"__type":"$$EventMessageWorkflow","id":"7e65f16f-4ef2-41a8-8761-23f429a578ac","ts":"2025-09-22T12:56:35.984-04:00","eventName":"n8n.workflow.success","message":"n8n.workflow.success","payload":{"userId":"f23c9b55-2596-45b1-a277-25aaeb39c479","executionId":"92","success":true,"isManual":true,"workflowId":"c120fCCuXalx2n7k","workflowName":"My workflow"}}
{"__type":"$$EventMessageConfirm","confirm":"7e65f16f-4ef2-41a8-8761-23f429a578ac","ts":"2025-09-22T12:56:35.984-04:00","source":{"id":"0","name":"eventBus"}}
